Server is running on port 3000
[2026-06-23T16:01:24.678Z] GET /api/consultasmarcadas
[2026-06-23T16:07:54.963Z] GET /api/consultasmarcadas
[2026-06-23T16:07:55.182Z] GET /api/especialidade/nomes
[2026-06-23T16:08:35.622Z] GET /api/consultasmarcadas
[2026-06-23T16:08:43.974Z] GET /api/consultasmarcadas
[2026-06-23T16:08:44.150Z] GET /api/especialidade/nomes
[2026-06-23T16:09:40.592Z] GET /api/consultasmarcadas
[2026-06-23T16:09:40.854Z] GET /api/especialidade/nomes
[2026-06-23T16:13:04.731Z] GET /api/consultasmarcadas
[2026-06-23T16:13:04.935Z] GET /api/especialidade/nomes
[2026-06-23T16:13:25.618Z] GET /api/usuarios/listagemusuario
[2026-06-23T16:13:25.627Z] GET /api/funcoes
[2026-06-23T16:13:25.629Z] GET /api/paineladm
[2026-06-23T16:13:28.900Z] GET /api/consultasmarcadas
[2026-06-23T16:13:29.066Z] GET /api/especialidade/nomes
[2026-06-23T16:13:55.655Z] GET /api/consultasmarcadas
[2026-06-23T16:13:56.165Z] GET /api/especialidade/nomes
[2026-06-23T16:13:59.894Z] GET /api/consultasmarcadas
[2026-06-23T16:14:00.055Z] GET /api/especialidade/nomes
[2026-06-23T16:14:03.561Z] GET /api/consultasmarcadas
[2026-06-23T16:14:03.727Z] GET /api/especialidade/nomes
[2026-06-23T16:14:12.011Z] GET /api/funcoes
[2026-06-23T16:14:18.417Z] GET /api/usuarios/listagemusuario
[2026-06-23T16:15:11.504Z] GET /api/consultastotas
[2026-06-23T16:15:11.517Z] GET /api/usuarioperfil
[2026-06-23T16:17:46.225Z] POST /api/usuarios
[2026-06-23T16:18:03.362Z] POST /api/usuarios/confirmar
[2026-06-23T16:18:25.234Z] POST /api/login
[2026-06-23T16:18:28.883Z] GET /api/marcacaoultima?usuarioId=6a3ab1bb018dbe0a64f61d0c
[2026-06-23T16:18:29.107Z] GET /api/especialidade/nomes
[2026-06-23T16:18:39.641Z] GET /api/especialidade/nomes
[2026-06-23T16:18:43.484Z] GET /api/marcacaoultima?usuarioId=6a3ab1bb018dbe0a64f61d0c
[2026-06-23T16:18:43.676Z] GET /api/especialidade/nomes
[2026-06-23T16:18:45.497Z] GET /api/marcacaofeitas?usuarioId=6a3ab1bb018dbe0a64f61d0c
[2026-06-23T16:18:45.579Z] GET /api/especialidade/nomes
[2026-06-23T16:18:52.471Z] GET /api/marcacaoultima?usuarioId=6a3ab1bb018dbe0a64f61d0c
[2026-06-23T16:18:52.829Z] GET /api/especialidade/nomes
[2026-06-23T16:18:56.643Z] GET /api/marcacaoultima?usuarioId=6a3ab1bb018dbe0a64f61d0c
[2026-06-23T16:18:56.933Z] GET /api/especialidade/nomes
[2026-06-23T16:19:08.620Z] GET /api/usuarioperfil
[2026-06-23T16:19:08.622Z] GET /api/consultastotas
[2026-06-23T16:19:14.055Z] GET /api/marcacaoultima?usuarioId=6a3ab1bb018dbe0a64f61d0c
[2026-06-23T16:19:14.210Z] GET /api/especialidade/nomes
[2026-06-23T16:19:25.782Z] GET /api/especialidade/nomes
[2026-06-23T16:19:30.511Z] GET /api/agendamedicafiltrar/6a29e2e7101fd2c671f5a5f0
[2026-06-23T16:20:27.831Z] POST /api/marcacao
[2026-06-23T16:20:40.957Z] GET /api/marcacaofeitas?usuarioId=6a3ab1bb018dbe0a64f61d0c
[2026-06-23T16:20:41.458Z] GET /api/especialidade/nomes
[2026-06-23T16:20:59.096Z] GET /api/marcacaofeitas?usuarioId=6a3ab1bb018dbe0a64f61d0c
[2026-06-23T16:20:59.617Z] GET /api/especialidade/nomes
[2026-06-23T16:21:22.296Z] GET /api/marcacaoultima?usuarioId=6a3ab1bb018dbe0a64f61d0c
[2026-06-23T16:21:22.827Z] GET /api/especialidade/nomes
[2026-06-23T16:24:29.127Z] GET /api/marcacaoultima
[2026-06-23T16:27:47.094Z] GET /api/marcacaoultima
[2026-06-23T16:28:33.007Z] POST /api/marcacaoultima
[2026-06-23T16:28:39.615Z] GET /api/marcacaoultima
[2026-06-23T16:28:41.362Z] POST /api/login
[2026-06-23T16:28:48.078Z] GET /api/marcacaoultima
[2026-06-23T16:28:58.650Z] GET /api/marcacaoultima?usuarioId=6a39264dc05e9fbd030b91b9
[2026-06-23T16:29:07.357Z] GET /api/marcacaoultima?usuarioId=6a39264dc05e9fbd030b91b9
[2026-06-23T16:29:24.030Z] GET /api/marcacaoultima
[2026-06-23T16:29:48.922Z] GET /api/marcacaoultima
[2026-06-23T16:30:29.177Z] GET /
[2026-06-23T16:30:29.408Z] GET /favicon.ico
[2026-06-23T16:33:19.477Z] GET /api/marcacaofeitas?usuarioId=6a3ab1bb018dbe0a64f61d0c
[2026-06-23T16:33:19.958Z] GET /api/especialidade/nomes
[2026-06-23T16:33:22.546Z] GET /api/marcacaoultima?usuarioId=6a3ab1bb018dbe0a64f61d0c
[2026-06-23T16:33:22.669Z] GET /api/especialidade/nomes
[2026-06-23T16:34:18.472Z] GET /api/marcacaoultima?usuarioId=6a3ab1bb018dbe0a64f61d0c
[2026-06-23T16:34:18.655Z] GET /api/especialidade/nomes
[2026-06-23T16:35:08.523Z] POST /api/login
[2026-06-23T16:35:12.325Z] GET /api/marcacaoultima?usuarioId=6a3ab1bb018dbe0a64f61d0c
[2026-06-23T16:35:12.559Z] GET /api/especialidade/nomes
[2026-06-23T16:35:20.135Z] GET /api/marcacaofeitas?usuarioId=6a3ab1bb018dbe0a64f61d0c
[2026-06-23T16:35:20.649Z] GET /api/especialidade/nomes
[2026-06-23T16:35:23.859Z] GET /api/marcacaoultima?usuarioId=6a3ab1bb018dbe0a64f61d0c
[2026-06-23T16:35:24.019Z] GET /api/especialidade/nomes
[2026-06-23T16:36:06.536Z] GET /api/usuarioperfil
[2026-06-23T16:36:06.541Z] GET /api/consultastotas
[2026-06-23T16:36:09.763Z] GET /api/marcacaoultima?usuarioId=6a3ab1bb018dbe0a64f61d0c
[2026-06-23T16:36:09.932Z] GET /api/especialidade/nomes
[2026-06-23T16:37:38.049Z] GET /api/marcacaoultima?usuarioId=6a3ab1bb018dbe0a64f61d0c&idUsuario=6a3ab1bb018dbe0a64f61d0c&pacienteId=6a3ab1bb018dbe0a64f61d0c
[2026-06-23T16:37:38.166Z] GET /api/especialidade/nomes
[2026-06-23T16:39:24.901Z] POST /api/login
[2026-06-23T16:39:28.648Z] GET /api/paineladm
[2026-06-23T16:39:28.801Z] GET /api/funcoes
[2026-06-23T16:39:28.805Z] GET /api/usuarios/listagemusuario
[2026-06-23T16:43:25.654Z] GET /api/paineladm
[2026-06-23T17:53:26.451Z] POST /api/login
[2026-06-23T17:53:31.120Z] GET /api/marcacaoultima?usuarioId=6a3ab1bb018dbe0a64f61d0c&idUsuario=6a3ab1bb018dbe0a64f61d0c&pacienteId=6a3ab1bb018dbe0a64f61d0c
[2026-06-23T17:53:31.346Z] GET /api/especialidade/nomes
[2026-06-23T17:55:56.289Z] GET /api/especialidade/nomes
[2026-06-23T17:58:35.807Z] GET /api/especialidade/nomes
[2026-06-23T17:58:40.747Z] GET /api/agendamedicafiltrar/6a29e203101fd2c671f5a5ef
[2026-06-23T17:59:44.895Z] GET /api/especialidade/nomes
[2026-06-23T17:59:44.904Z] GET /api/agendamedicafiltrar/6a29e203101fd2c671f5a5ef
[2026-06-23T17:59:48.414Z] GET /api/agendamedicafiltrar/6a29e203101fd2c671f5a5ef
[2026-06-23T18:01:10.455Z] GET /api/especialidade/nomes
[2026-06-23T18:01:10.456Z] GET /api/agendamedicafiltrar/6a29e203101fd2c671f5a5ef
[2026-06-23T18:01:12.445Z] GET /api/agendamedicafiltrar/6a29e203101fd2c671f5a5ef
[2026-06-23T18:01:41.119Z] GET /api/agendamedicafiltrar/6a29e203101fd2c671f5a5ef
[2026-06-23T18:01:41.127Z] GET /api/especialidade/nomes
[2026-06-23T18:01:44.946Z] GET /api/agendamedicafiltrar/6a29e203101fd2c671f5a5ef
[2026-06-23T18:03:10.711Z] GET /api/especialidade/nomes
[2026-06-23T18:03:32.158Z] GET /api/especialidade/nomes
[2026-06-23T18:03:36.251Z] GET /api/agendamedicafiltrar/6a29e203101fd2c671f5a5ef
[2026-06-23T18:04:18.437Z] GET /api/especialidade/nomes
[2026-06-23T18:04:20.999Z] GET /api/agendamedicafiltrar/6a29e203101fd2c671f5a5ef
[2026-06-23T18:04:48.007Z] GET /api/especialidade/nomes
[2026-06-23T18:05:06.152Z] GET /api/especialidade/nomes
[2026-06-23T18:05:09.115Z] GET /api/agendamedicafiltrar/6a29e203101fd2c671f5a5ef
[2026-06-23T18:07:12.295Z] GET /api/especialidade/nomes
[2026-06-23T18:07:24.388Z] GET /api/especialidade/nomes
[2026-06-23T18:07:39.065Z] GET /api/especialidade/nomes
[2026-06-23T18:09:09.444Z] GET /api/especialidade/nomes
[2026-06-23T18:10:06.566Z] GET /api/marcacaofeitas?usuarioId=6a3ab1bb018dbe0a64f61d0c
[2026-06-23T18:10:07.074Z] GET /api/especialidade/nomes
[2026-06-23T18:10:10.170Z] GET /api/especialidade/nomes
[2026-06-23T18:10:12.332Z] GET /api/agendamedicafiltrar/6a29e203101fd2c671f5a5ef
[2026-06-23T18:10:35.841Z] POST /api/marcacao
[2026-06-23T18:10:41.733Z] GET /api/marcacaofeitas?usuarioId=6a3ab1bb018dbe0a64f61d0c
[2026-06-23T18:10:42.277Z] GET /api/especialidade/nomes
[2026-06-23T18:10:49.967Z] GET /api/marcacaoultima?usuarioId=6a3ab1bb018dbe0a64f61d0c&idUsuario=6a3ab1bb018dbe0a64f61d0c&pacienteId=6a3ab1bb018dbe0a64f61d0c
[2026-06-23T18:10:50.474Z] GET /api/especialidade/nomes
[2026-06-23T18:19:41.682Z] POST /api/login
[2026-06-23T18:19:45.464Z] GET /api/marcacaoultima?usuarioId=6a3ab1bb018dbe0a64f61d0c&idUsuario=6a3ab1bb018dbe0a64f61d0c&pacienteId=6a3ab1bb018dbe0a64f61d0c
[2026-06-23T18:19:45.637Z] GET /api/especialidade/nomes
[2026-06-23T18:21:42.337Z] POST /api/login
[2026-06-23T18:21:45.872Z] GET /api/marcacaoultima?usuarioId=6a3ab1bb018dbe0a64f61d0c&idUsuario=6a3ab1bb018dbe0a64f61d0c&pacienteId=6a3ab1bb018dbe0a64f61d0c
[2026-06-23T18:21:46.102Z] GET /api/especialidade/nomes
[2026-06-23T18:21:50.896Z] GET /api/marcacaofeitas?usuarioId=6a3ab1bb018dbe0a64f61d0c
[2026-06-23T18:21:51.432Z] GET /api/especialidade/nomes
[2026-06-23T18:21:54.864Z] GET /api/marcacaoultima?usuarioId=6a3ab1bb018dbe0a64f61d0c&idUsuario=6a3ab1bb018dbe0a64f61d0c&pacienteId=6a3ab1bb018dbe0a64f61d0c
[2026-06-23T18:21:55.071Z] GET /api/especialidade/nomes
[2026-06-23T18:25:08.269Z] GET /api/usuarioperfil
[2026-06-23T18:25:08.272Z] GET /api/consultastotas
[2026-06-23T18:25:12.184Z] GET /api/marcacaoultima?usuarioId=6a3ab1bb018dbe0a64f61d0c&idUsuario=6a3ab1bb018dbe0a64f61d0c&pacienteId=6a3ab1bb018dbe0a64f61d0c
[2026-06-23T18:25:12.380Z] GET /api/especialidade/nomes
[2026-06-23T18:26:35.569Z] POST /api/login
[2026-06-23T18:26:39.369Z] GET /api/marcacaoultima?usuarioId=6a3ab1bb018dbe0a64f61d0c&idUsuario=6a3ab1bb018dbe0a64f61d0c&pacienteId=6a3ab1bb018dbe0a64f61d0c
[2026-06-23T18:26:39.550Z] GET /api/especialidade/nomes
[2026-06-23T18:27:17.258Z] GET /api/marcacaoultima
[2026-06-23T18:28:07.292Z] GET /api/marcacaoultima
[2026-06-23T18:28:53.363Z] POST /api/login
[2026-06-23T18:29:47.485Z] GET /api/marcacaoultima
[2026-06-23T18:36:33.165Z] GET /api/marcacaoultima
[2026-06-23T18:36:45.198Z] POST /api/login
[2026-06-23T18:36:49.950Z] GET /api/marcacaoultima
[2026-06-23T18:39:14.087Z] GET /api/marcacaoultima
[2026-06-23T18:41:09.558Z] POST /api/login
[2026-06-23T18:41:13.351Z] GET /api/marcacaoultima
[2026-06-23T18:41:23.031Z] GET /api/marcacaoultima/6a3ab1bb018dbe0a64f61d0c
[2026-06-23T18:45:57.960Z] POST /api/login
[2026-06-23T18:46:01.160Z] GET /api/marcacaoultima/6a3ab1bb018dbe0a64f61d0c
[2026-06-23T18:47:18.966Z] GET /api/paineladm
[2026-06-23T18:47:19.660Z] GET /api/usuarios/listagemusuario
[2026-06-23T18:47:31.728Z] GET /api/paineladm
[2026-06-23T18:47:42.365Z] GET /api/paineladm
[2026-06-23T18:47:42.658Z] GET /api/usuarios/listagemusuario
[2026-06-23T18:48:46.468Z] POST /api/login
[2026-06-23T18:48:49.950Z] GET /api/paineladm
[2026-06-23T18:48:50.005Z] GET /api/usuarios/listagemusuario
[2026-06-23T18:48:50.008Z] GET /api/funcoes
[2026-06-23T18:49:19.809Z] GET /api/consultasmarcadas
[2026-06-23T18:49:19.982Z] GET /api/especialidade/nomes
[2026-06-23T18:49:24.718Z] GET /api/consultastotas
[2026-06-23T18:49:24.849Z] GET /api/usuarioperfil
[2026-06-23T18:49:54.267Z] POST /api/login
[2026-06-23T18:49:57.819Z] GET /api/marcacaoultima?usuarioId=6a3ab1bb018dbe0a64f61d0c&idUsuario=6a3ab1bb018dbe0a64f61d0c&pacienteId=6a3ab1bb018dbe0a64f61d0c
[2026-06-23T18:49:58.022Z] GET /api/especialidade/nomes
[2026-06-23T18:50:05.758Z] GET /api/marcacaoultima?usuarioId=6a3ab1bb018dbe0a64f61d0c&idUsuario=6a3ab1bb018dbe0a64f61d0c&pacienteId=6a3ab1bb018dbe0a64f61d0c
[2026-06-23T18:50:06.269Z] GET /api/especialidade/nomes
[2026-06-23T18:50:12.834Z] GET /api/especialidade/nomes
[2026-06-23T18:50:15.456Z] GET /api/marcacaoultima?usuarioId=6a3ab1bb018dbe0a64f61d0c&idUsuario=6a3ab1bb018dbe0a64f61d0c&pacienteId=6a3ab1bb018dbe0a64f61d0c
[2026-06-23T18:50:15.582Z] GET /api/especialidade/nomes
[2026-06-23T18:50:16.463Z] GET /api/marcacaofeitas?usuarioId=6a3ab1bb018dbe0a64f61d0c
[2026-06-23T18:50:16.700Z] GET /api/especialidade/nomes
[2026-06-23T18:50:18.770Z] GET /api/marcacaoultima?usuarioId=6a3ab1bb018dbe0a64f61d0c&idUsuario=6a3ab1bb018dbe0a64f61d0c&pacienteId=6a3ab1bb018dbe0a64f61d0c
[2026-06-23T18:50:18.918Z] GET /api/especialidade/nomes
[2026-06-23T18:50:23.034Z] GET /api/marcacaofeitas?usuarioId=6a3ab1bb018dbe0a64f61d0c
[2026-06-23T18:50:23.281Z] GET /api/especialidade/nomes
[2026-06-23T18:50:26.350Z] GET /api/marcacaoultima?usuarioId=6a3ab1bb018dbe0a64f61d0c&idUsuario=6a3ab1bb018dbe0a64f61d0c&pacienteId=6a3ab1bb018dbe0a64f61d0c
[2026-06-23T18:50:26.471Z] GET /api/especialidade/nomes
[2026-06-23T18:53:37.770Z] GET /api/consultastotas
[2026-06-23T18:53:37.777Z] GET /api/usuarioperfil
[2026-06-23T18:54:56.733Z] POST /api/usuarios
[2026-06-23T18:55:19.665Z] POST /api/usuarios/confirmar
[2026-06-23T18:55:45.413Z] POST /api/login
[2026-06-23T18:55:48.769Z] GET /api/marcacaoultima?usuarioId=6a3ad697018dbe0a64f61d11&idUsuario=6a3ad697018dbe0a64f61d11&pacienteId=6a3ad697018dbe0a64f61d11
[2026-06-23T18:55:48.831Z] GET /api/especialidade/nomes
[2026-06-23T18:55:56.841Z] GET /api/especialidade/nomes
[2026-06-23T18:56:01.602Z] GET /api/agendamedicafiltrar/6a29e203101fd2c671f5a5ef
[2026-06-23T18:56:23.046Z] POST /api/marcacao
[2026-06-23T18:56:31.389Z] GET /api/marcacaofeitas?usuarioId=6a3ad697018dbe0a64f61d11
[2026-06-23T18:56:31.910Z] GET /api/especialidade/nomes
[2026-06-23T18:56:38.912Z] GET /api/consultastotas
[2026-06-23T18:56:38.922Z] GET /api/usuarioperfil
[2026-06-23T18:56:56.077Z] POST /api/login
[2026-06-23T18:56:59.343Z] GET /api/paineladm
[2026-06-23T18:56:59.491Z] GET /api/funcoes
[2026-06-23T18:56:59.499Z] GET /api/usuarios/listagemusuario
[2026-06-23T18:57:07.174Z] GET /api/consultasmarcadas
[2026-06-23T18:57:07.701Z] GET /api/especialidade/nomes
[2026-06-24T20:34:22.163Z] POST /api/login
[2026-06-24T20:35:31.073Z] POST /api/login
[2026-06-24T20:35:34.881Z] GET /api/marcacaoultima?usuarioId=6a3ab1bb018dbe0a64f61d0c&idUsuario=6a3ab1bb018dbe0a64f61d0c&pacienteId=6a3ab1bb018dbe0a64f61d0c
[2026-06-24T20:35:35.001Z] GET /api/especialidade/nomes
[2026-06-24T20:35:40.131Z] GET /api/especialidade/nomes
[2026-06-24T20:35:41.175Z] GET /api/marcacaofeitas?usuarioId=6a3ab1bb018dbe0a64f61d0c
[2026-06-24T20:35:41.382Z] GET /api/especialidade/nomes
[2026-06-24T20:35:44.705Z] GET /api/usuarioperfil
[2026-06-24T20:35:44.783Z] GET /api/consultastotas
[2026-06-24T20:35:47.232Z] GET /api/marcacaoultima?usuarioId=6a3ab1bb018dbe0a64f61d0c&idUsuario=6a3ab1bb018dbe0a64f61d0c&pacienteId=6a3ab1bb018dbe0a64f61d0c
[2026-06-24T20:35:47.325Z] GET /api/especialidade/nomes
[2026-06-24T20:35:49.278Z] GET /api/marcacaofeitas?usuarioId=6a3ab1bb018dbe0a64f61d0c
[2026-06-24T20:35:49.457Z] GET /api/especialidade/nomes
[2026-06-24T20:35:55.993Z] PUT /api/marcacaofeitasestado/6a3acc1c018dbe0a64f61d0f
[2026-06-24T20:36:01.443Z] GET /api/marcacaoultima?usuarioId=6a3ab1bb018dbe0a64f61d0c&idUsuario=6a3ab1bb018dbe0a64f61d0c&pacienteId=6a3ab1bb018dbe0a64f61d0c
[2026-06-24T20:36:01.528Z] GET /api/especialidade/nomes
[2026-06-24T20:41:36.740Z] GET /api/usuarioperfil
[2026-06-24T20:41:36.744Z] GET /api/consultastotas
[2026-06-24T20:55:02.646Z] POST /api/usuarios
[2026-06-24T20:55:23.313Z] POST /api/usuarios/confirmar
[2026-06-24T20:55:52.539Z] POST /api/login
[2026-06-24T20:55:56.293Z] GET /api/marcacaoultima?usuarioId=6a3c443b018dbe0a64f61d15&idUsuario=6a3c443b018dbe0a64f61d15&pacienteId=6a3c443b018dbe0a64f61d15
[2026-06-24T20:55:56.380Z] GET /api/especialidade/nomes
[2026-06-24T20:56:19.241Z] GET /api/usuarioperfil
[2026-06-24T20:56:19.248Z] GET /api/consultastotas
[2026-06-24T20:56:28.304Z] GET /api/marcacaoultima?usuarioId=6a3c443b018dbe0a64f61d15&idUsuario=6a3c443b018dbe0a64f61d15&pacienteId=6a3c443b018dbe0a64f61d15
[2026-06-24T20:56:28.370Z] GET /api/especialidade/nomes
[2026-06-24T20:56:30.079Z] GET /api/especialidade/nomes
[2026-06-24T20:56:34.166Z] GET /api/agendamedicafiltrar/6a29e2e7101fd2c671f5a5f0
[2026-06-24T20:57:23.261Z] POST /api/marcacao
[2026-06-24T20:57:35.853Z] GET /api/marcacaofeitas?usuarioId=6a3c443b018dbe0a64f61d15
[2026-06-24T20:57:36.067Z] GET /api/especialidade/nomes
[2026-06-24T20:57:45.412Z] GET /api/marcacaoultima?usuarioId=6a3c443b018dbe0a64f61d15&idUsuario=6a3c443b018dbe0a64f61d15&pacienteId=6a3c443b018dbe0a64f61d15
[2026-06-24T20:57:45.932Z] GET /api/especialidade/nomes
[2026-06-24T20:57:47.732Z] GET /api/usuarioperfil
[2026-06-24T20:57:47.824Z] GET /api/consultastotas
[2026-06-24T20:58:16.629Z] POST /api/login
[2026-06-24T20:58:20.400Z] GET /api/paineladm
[2026-06-24T20:58:20.666Z] GET /api/usuarios/listagemusuario
[2026-06-24T20:58:20.668Z] GET /api/funcoes
[2026-06-24T20:59:15.565Z] GET /api/funcoes
[2026-06-24T20:59:22.620Z] GET /api/usuarios/listagemusuario
[2026-06-24T20:59:26.031Z] GET /api/consultasmarcadas
[2026-06-24T20:59:26.213Z] GET /api/especialidade/nomes
[2026-06-24T20:59:54.849Z] GET /api/usuarioperfil
[2026-06-24T20:59:54.858Z] GET /api/consultastotas
[2026-06-24T21:00:16.110Z] POST /api/login
[2026-06-24T21:00:30.224Z] POST /api/login
[2026-06-24T21:00:33.572Z] GET /api/marcacaoultima?usuarioId=6a3c443b018dbe0a64f61d15&idUsuario=6a3c443b018dbe0a64f61d15&pacienteId=6a3c443b018dbe0a64f61d15
[2026-06-24T21:00:33.677Z] GET /api/especialidade/nomes
[2026-06-24T21:00:40.304Z] GET /api/marcacaofeitas?usuarioId=6a3c443b018dbe0a64f61d15
[2026-06-24T21:00:40.694Z] GET /api/especialidade/nomes
[2026-06-24T21:00:43.512Z] PUT /api/marcacaofeitasestado/6a3c44b3018dbe0a64f61d17
[2026-06-24T21:00:49.504Z] GET /api/usuarioperfil
[2026-06-24T21:00:49.592Z] GET /api/consultastotas
[2026-06-24T21:01:01.479Z] GET /api/marcacaoultima?usuarioId=6a3c443b018dbe0a64f61d15&idUsuario=6a3c443b018dbe0a64f61d15&pacienteId=6a3c443b018dbe0a64f61d15
[2026-06-24T21:01:01.876Z] GET /api/especialidade/nomes
[2026-06-24T21:01:06.983Z] GET /api/usuarioperfil
[2026-06-24T21:01:07.067Z] GET /api/consultastotas
[2026-06-24T21:07:58.926Z] POST /api/usuarios
[2026-06-24T21:08:18.259Z] POST /api/usuarios/confirmar
[2026-06-24T21:08:36.189Z] POST /api/login
[2026-06-24T21:08:39.653Z] GET /api/marcacaoultima?usuarioId=6a3c4742018dbe0a64f61d19&idUsuario=6a3c4742018dbe0a64f61d19&pacienteId=6a3c4742018dbe0a64f61d19
[2026-06-24T21:08:39.728Z] GET /api/especialidade/nomes
[2026-06-24T21:08:58.530Z] GET /api/marcacaofeitas?usuarioId=6a3c4742018dbe0a64f61d19
[2026-06-24T21:08:58.832Z] GET /api/especialidade/nomes
[2026-06-24T21:09:02.662Z] GET /api/marcacaoultima?usuarioId=6a3c4742018dbe0a64f61d19&idUsuario=6a3c4742018dbe0a64f61d19&pacienteId=6a3c4742018dbe0a64f61d19
[2026-06-24T21:09:02.747Z] GET /api/especialidade/nomes
[2026-06-24T21:09:03.754Z] GET /api/especialidade/nomes
[2026-06-24T21:09:08.068Z] GET /api/agendamedicafiltrar/6a29e2e7101fd2c671f5a5f0
[2026-06-24T21:09:51.840Z] POST /api/marcacao
[2026-06-24T21:10:02.912Z] GET /api/marcacaofeitas?usuarioId=6a3c4742018dbe0a64f61d19
[2026-06-24T21:10:03.137Z] GET /api/especialidade/nomes
[2026-06-24T21:10:11.973Z] GET /api/especialidade/nomes
[2026-06-24T21:10:11.975Z] GET /api/marcacao/6a3c47a0018dbe0a64f61d1b
[2026-06-24T21:10:15.108Z] GET /api/agendamedicafiltrar/6a29e203101fd2c671f5a5ef
[2026-06-24T21:10:19.539Z] GET /api/agendamedicafiltrar/6a29e2e7101fd2c671f5a5f0
[2026-06-24T21:10:31.627Z] PUT /api/marcacao/6a3c47a0018dbe0a64f61d1b
[2026-06-24T21:10:38.677Z] GET /api/marcacaoultima?usuarioId=6a3c4742018dbe0a64f61d19&idUsuario=6a3c4742018dbe0a64f61d19&pacienteId=6a3c4742018dbe0a64f61d19
[2026-06-24T21:10:39.197Z] GET /api/especialidade/nomes
[2026-06-24T21:10:41.558Z] GET /api/usuarioperfil
[2026-06-24T21:10:41.642Z] GET /api/consultastotas
[2026-06-24T21:11:10.421Z] POST /api/login
[2026-06-24T21:11:13.812Z] GET /api/usuarios/listagemusuario
[2026-06-24T21:11:13.905Z] GET /api/paineladm
[2026-06-24T21:11:13.908Z] GET /api/funcoes
[2026-06-24T21:12:27.886Z] GET /api/consultasmarcadas
[2026-06-24T21:12:28.057Z] GET /api/especialidade/nomes
[2026-06-24T21:13:09.695Z] GET /api/consultasmarcadas
[2026-06-24T21:13:10.220Z] GET /api/especialidade/nomes
[2026-06-24T21:13:17.282Z] GET /api/usuarioperfil
[2026-06-24T21:13:17.291Z] GET /api/consultastotas
[2026-06-24T21:13:40.964Z] POST /api/login
[2026-06-24T21:13:44.710Z] GET /api/marcacaoultima?usuarioId=6a3c4742018dbe0a64f61d19&idUsuario=6a3c4742018dbe0a64f61d19&pacienteId=6a3c4742018dbe0a64f61d19
[2026-06-24T21:13:44.826Z] GET /api/especialidade/nomes
[2026-06-24T21:13:46.067Z] GET /api/marcacaofeitas?usuarioId=6a3c4742018dbe0a64f61d19
[2026-06-24T21:13:46.253Z] GET /api/especialidade/nomes
[2026-06-24T21:13:47.899Z] PUT /api/marcacaofeitasestado/6a3c47a0018dbe0a64f61d1b
[2026-06-24T21:13:52.586Z] GET /api/usuarioperfil
[2026-06-24T21:13:52.679Z] GET /api/consultastotas
[2026-06-24T21:14:00.596Z] GET /api/marcacaoultima?usuarioId=6a3c4742018dbe0a64f61d19&idUsuario=6a3c4742018dbe0a64f61d19&pacienteId=6a3c4742018dbe0a64f61d19
[2026-06-24T21:14:00.689Z] GET /api/especialidade/nomes
[2026-06-24T21:14:01.922Z] GET /api/usuarioperfil
[2026-06-24T21:14:02.027Z] GET /api/consultastotas
[2026-06-24T21:14:23.256Z] POST /api/login
[2026-06-24T21:14:41.383Z] POST /api/senha/recuperar
[2026-06-24T21:15:16.646Z] POST /api/senha/redefinir
[2026-06-24T21:15:17.163Z] POST /api/senha/resetar
[2026-06-24T21:15:37.284Z] POST /api/login
[2026-06-24T21:15:40.697Z] GET /api/marcacaoultima?usuarioId=6a3c4742018dbe0a64f61d19&idUsuario=6a3c4742018dbe0a64f61d19&pacienteId=6a3c4742018dbe0a64f61d19
[2026-06-24T21:15:40.810Z] GET /api/especialidade/nomes
[2026-06-24T21:15:47.861Z] GET /api/consultastotas
[2026-06-24T21:15:47.871Z] GET /api/usuarioperfil
